CRITICAL - 2022-12-20 00:12:40 --> Undefined variable: datos
in APPPATH\Views\libros\inicio.php on line 41.
 1 APPPATH\Views\libros\inicio.php(41): CodeIgniter\Debug\Exceptions->errorHandler(8, 'Undefined variable: datos', 'APPPATH\\Views\\libros\\inicio.php', 41, [...])
 2 SYSTEMPATH\View\View.php(213): include('APPPATH\\Views\\libros\\inicio.php')
 3 SYSTEMPATH\View\View.php(216): CodeIgniter\View\View->CodeIgniter\View\{closure}()
 4 SYSTEMPATH\Common.php(1134): CodeIgniter\View\View->render('/libros/inicio', [], true)
 5 APPPATH\Controllers\ControladorLibros.php(22): view('/libros/inicio', [...])
 6 SYSTEMPATH\CodeIgniter.php(927): App\Controllers\ControladorLibros->inicio()
 7 SYSTEMPATH\CodeIgniter.php(482): CodeIgniter\CodeIgniter->runController(Object(App\Controllers\ControladorLibros))
 8 SYSTEMPATH\CodeIgniter.php(351): CodeIgniter\CodeIgniter->handleRequest(null, Object(Config\Cache), false)
 9 FCPATH\index.php(67): CodeIgniter\CodeIgniter->run()
CRITICAL - 2022-12-20 00:12:46 --> Undefined variable: datos
in APPPATH\Views\libros\inicio.php on line 41.
 1 APPPATH\Views\libros\inicio.php(41): CodeIgniter\Debug\Exceptions->errorHandler(8, 'Undefined variable: datos', 'APPPATH\\Views\\libros\\inicio.php', 41, [...])
 2 SYSTEMPATH\View\View.php(213): include('APPPATH\\Views\\libros\\inicio.php')
 3 SYSTEMPATH\View\View.php(216): CodeIgniter\View\View->CodeIgniter\View\{closure}()
 4 SYSTEMPATH\Common.php(1134): CodeIgniter\View\View->render('/libros/inicio', [], true)
 5 APPPATH\Controllers\ControladorLibros.php(22): view('/libros/inicio', [...])
 6 SYSTEMPATH\CodeIgniter.php(927): App\Controllers\ControladorLibros->inicio()
 7 SYSTEMPATH\CodeIgniter.php(482): CodeIgniter\CodeIgniter->runController(Object(App\Controllers\ControladorLibros))
 8 SYSTEMPATH\CodeIgniter.php(351): CodeIgniter\CodeIgniter->handleRequest(null, Object(Config\Cache), false)
 9 FCPATH\index.php(67): CodeIgniter\CodeIgniter->run()
CRITICAL - 2022-12-20 00:13:00 --> Undefined variable: datos
in APPPATH\Views\libros\inicio.php on line 41.
 1 APPPATH\Views\libros\inicio.php(41): CodeIgniter\Debug\Exceptions->errorHandler(8, 'Undefined variable: datos', 'APPPATH\\Views\\libros\\inicio.php', 41, [...])
 2 SYSTEMPATH\View\View.php(213): include('APPPATH\\Views\\libros\\inicio.php')
 3 SYSTEMPATH\View\View.php(216): CodeIgniter\View\View->CodeIgniter\View\{closure}()
 4 SYSTEMPATH\Common.php(1134): CodeIgniter\View\View->render('/libros/inicio', [], true)
 5 APPPATH\Controllers\ControladorLibros.php(22): view('/libros/inicio', [...])
 6 SYSTEMPATH\CodeIgniter.php(927): App\Controllers\ControladorLibros->inicio()
 7 SYSTEMPATH\CodeIgniter.php(482): CodeIgniter\CodeIgniter->runController(Object(App\Controllers\ControladorLibros))
 8 SYSTEMPATH\CodeIgniter.php(351): CodeIgniter\CodeIgniter->handleRequest(null, Object(Config\Cache), false)
 9 FCPATH\index.php(67): CodeIgniter\CodeIgniter->run()
CRITICAL - 2022-12-20 00:14:38 --> Undefined variable: libro
in APPPATH\Views\libros\inicio.php on line 41.
 1 APPPATH\Views\libros\inicio.php(41): CodeIgniter\Debug\Exceptions->errorHandler(8, 'Undefined variable: libro', 'APPPATH\\Views\\libros\\inicio.php', 41, [...])
 2 SYSTEMPATH\View\View.php(213): include('APPPATH\\Views\\libros\\inicio.php')
 3 SYSTEMPATH\View\View.php(216): CodeIgniter\View\View->CodeIgniter\View\{closure}()
 4 SYSTEMPATH\Common.php(1134): CodeIgniter\View\View->render('/libros/inicio', [], true)
 5 APPPATH\Controllers\ControladorLibros.php(22): view('/libros/inicio', [...])
 6 SYSTEMPATH\CodeIgniter.php(927): App\Controllers\ControladorLibros->inicio()
 7 SYSTEMPATH\CodeIgniter.php(482): CodeIgniter\CodeIgniter->runController(Object(App\Controllers\ControladorLibros))
 8 SYSTEMPATH\CodeIgniter.php(351): CodeIgniter\CodeIgniter->handleRequest(null, Object(Config\Cache), false)
 9 FCPATH\index.php(67): CodeIgniter\CodeIgniter->run()
CRITICAL - 2022-12-20 00:14:39 --> Undefined variable: libro
in APPPATH\Views\libros\inicio.php on line 41.
 1 APPPATH\Views\libros\inicio.php(41): CodeIgniter\Debug\Exceptions->errorHandler(8, 'Undefined variable: libro', 'APPPATH\\Views\\libros\\inicio.php', 41, [...])
 2 SYSTEMPATH\View\View.php(213): include('APPPATH\\Views\\libros\\inicio.php')
 3 SYSTEMPATH\View\View.php(216): CodeIgniter\View\View->CodeIgniter\View\{closure}()
 4 SYSTEMPATH\Common.php(1134): CodeIgniter\View\View->render('/libros/inicio', [], true)
 5 APPPATH\Controllers\ControladorLibros.php(22): view('/libros/inicio', [...])
 6 SYSTEMPATH\CodeIgniter.php(927): App\Controllers\ControladorLibros->inicio()
 7 SYSTEMPATH\CodeIgniter.php(482): CodeIgniter\CodeIgniter->runController(Object(App\Controllers\ControladorLibros))
 8 SYSTEMPATH\CodeIgniter.php(351): CodeIgniter\CodeIgniter->handleRequest(null, Object(Config\Cache), false)
 9 FCPATH\index.php(67): CodeIgniter\CodeIgniter->run()
CRITICAL - 2022-12-20 00:15:06 --> Undefined variable: estudiante
in APPPATH\Views\libros\inicio.php on line 50.
 1 APPPATH\Views\libros\inicio.php(50): CodeIgniter\Debug\Exceptions->errorHandler(8, 'Undefined variable: estudiante', 'APPPATH\\Views\\libros\\inicio.php', 50, [...])
 2 SYSTEMPATH\View\View.php(213): include('APPPATH\\Views\\libros\\inicio.php')
 3 SYSTEMPATH\View\View.php(216): CodeIgniter\View\View->CodeIgniter\View\{closure}()
 4 SYSTEMPATH\Common.php(1134): CodeIgniter\View\View->render('/libros/inicio', [], true)
 5 APPPATH\Controllers\ControladorLibros.php(22): view('/libros/inicio', [...])
 6 SYSTEMPATH\CodeIgniter.php(927): App\Controllers\ControladorLibros->inicio()
 7 SYSTEMPATH\CodeIgniter.php(482): CodeIgniter\CodeIgniter->runController(Object(App\Controllers\ControladorLibros))
 8 SYSTEMPATH\CodeIgniter.php(351): CodeIgniter\CodeIgniter->handleRequest(null, Object(Config\Cache), false)
 9 FCPATH\index.php(67): CodeIgniter\CodeIgniter->run()
CRITICAL - 2022-12-20 00:23:17 --> Invalid file: /estudiante/VerEstudiante.php
in SYSTEMPATH\Exceptions\FrameworkException.php on line 33.
 1 SYSTEMPATH\View\View.php(201): CodeIgniter\Exceptions\FrameworkException::forInvalidFile('/estudiante/VerEstudiante.php')
 2 SYSTEMPATH\Common.php(1134): CodeIgniter\View\View->render('/estudiante/VerEstudiante', [], true)
 3 APPPATH\Controllers\controladorEstudiantes.php(35): view('/estudiante/VerEstudiante', [...])
 4 SYSTEMPATH\CodeIgniter.php(927): App\Controllers\ControladorEstudiantes->listarEstudiante()
 5 SYSTEMPATH\CodeIgniter.php(482): CodeIgniter\CodeIgniter->runController(Object(App\Controllers\ControladorEstudiantes))
 6 SYSTEMPATH\CodeIgniter.php(351): CodeIgniter\CodeIgniter->handleRequest(null, Object(Config\Cache), false)
 7 FCPATH\index.php(67): CodeIgniter\CodeIgniter->run()
CRITICAL - 2022-12-20 00:23:23 --> Invalid file: /estudiante/VerEstudiante.php
in SYSTEMPATH\Exceptions\FrameworkException.php on line 33.
 1 SYSTEMPATH\View\View.php(201): CodeIgniter\Exceptions\FrameworkException::forInvalidFile('/estudiante/VerEstudiante.php')
 2 SYSTEMPATH\Common.php(1134): CodeIgniter\View\View->render('/estudiante/VerEstudiante', [], true)
 3 APPPATH\Controllers\controladorEstudiantes.php(35): view('/estudiante/VerEstudiante', [...])
 4 SYSTEMPATH\CodeIgniter.php(927): App\Controllers\ControladorEstudiantes->listarEstudiante()
 5 SYSTEMPATH\CodeIgniter.php(482): CodeIgniter\CodeIgniter->runController(Object(App\Controllers\ControladorEstudiantes))
 6 SYSTEMPATH\CodeIgniter.php(351): CodeIgniter\CodeIgniter->handleRequest(null, Object(Config\Cache), false)
 7 FCPATH\index.php(67): CodeIgniter\CodeIgniter->run()
CRITICAL - 2022-12-20 00:30:11 --> Invalid file: /libros/relaciones.php
in SYSTEMPATH\Exceptions\FrameworkException.php on line 33.
 1 SYSTEMPATH\View\View.php(201): CodeIgniter\Exceptions\FrameworkException::forInvalidFile('/libros/relaciones.php')
 2 SYSTEMPATH\Common.php(1134): CodeIgniter\View\View->render('/libros/relaciones', [], true)
 3 APPPATH\Controllers\ControladorRelaciones.php(23): view('/libros/relaciones', [...])
 4 SYSTEMPATH\CodeIgniter.php(927): App\Controllers\ControladorRelaciones->relaciones()
 5 SYSTEMPATH\CodeIgniter.php(482): CodeIgniter\CodeIgniter->runController(Object(App\Controllers\ControladorRelaciones))
 6 SYSTEMPATH\CodeIgniter.php(351): CodeIgniter\CodeIgniter->handleRequest(null, Object(Config\Cache), false)
 7 FCPATH\index.php(67): CodeIgniter\CodeIgniter->run()
CRITICAL - 2022-12-20 00:30:23 --> Invalid file: /libros/relaciones.php
in SYSTEMPATH\Exceptions\FrameworkException.php on line 33.
 1 SYSTEMPATH\View\View.php(201): CodeIgniter\Exceptions\FrameworkException::forInvalidFile('/libros/relaciones.php')
 2 SYSTEMPATH\Common.php(1134): CodeIgniter\View\View->render('/libros/relaciones', [], true)
 3 APPPATH\Controllers\ControladorRelaciones.php(23): view('/libros/relaciones', [...])
 4 SYSTEMPATH\CodeIgniter.php(927): App\Controllers\ControladorRelaciones->relaciones()
 5 SYSTEMPATH\CodeIgniter.php(482): CodeIgniter\CodeIgniter->runController(Object(App\Controllers\ControladorRelaciones))
 6 SYSTEMPATH\CodeIgniter.php(351): CodeIgniter\CodeIgniter->handleRequest(null, Object(Config\Cache), false)
 7 FCPATH\index.php(67): CodeIgniter\CodeIgniter->run()
CRITICAL - 2022-12-20 00:30:40 --> Invalid file: /libros/relaciones.php
in SYSTEMPATH\Exceptions\FrameworkException.php on line 33.
 1 SYSTEMPATH\View\View.php(201): CodeIgniter\Exceptions\FrameworkException::forInvalidFile('/libros/relaciones.php')
 2 SYSTEMPATH\Common.php(1134): CodeIgniter\View\View->render('/libros/relaciones', [], true)
 3 APPPATH\Controllers\ControladorRelaciones.php(23): view('/libros/relaciones', [...])
 4 SYSTEMPATH\CodeIgniter.php(927): App\Controllers\ControladorRelaciones->relaciones()
 5 SYSTEMPATH\CodeIgniter.php(482): CodeIgniter\CodeIgniter->runController(Object(App\Controllers\ControladorRelaciones))
 6 SYSTEMPATH\CodeIgniter.php(351): CodeIgniter\CodeIgniter->handleRequest(null, Object(Config\Cache), false)
 7 FCPATH\index.php(67): CodeIgniter\CodeIgniter->run()
CRITICAL - 2022-12-20 00:30:55 --> Invalid file: /libros/relaciones.php
in SYSTEMPATH\Exceptions\FrameworkException.php on line 33.
 1 SYSTEMPATH\View\View.php(201): CodeIgniter\Exceptions\FrameworkException::forInvalidFile('/libros/relaciones.php')
 2 SYSTEMPATH\Common.php(1134): CodeIgniter\View\View->render('/libros/relaciones', [], true)
 3 APPPATH\Controllers\ControladorRelaciones.php(23): view('/libros/relaciones', [...])
 4 SYSTEMPATH\CodeIgniter.php(927): App\Controllers\ControladorRelaciones->relaciones()
 5 SYSTEMPATH\CodeIgniter.php(482): CodeIgniter\CodeIgniter->runController(Object(App\Controllers\ControladorRelaciones))
 6 SYSTEMPATH\CodeIgniter.php(351): CodeIgniter\CodeIgniter->handleRequest(null, Object(Config\Cache), false)
 7 FCPATH\index.php(67): CodeIgniter\CodeIgniter->run()
CRITICAL - 2022-12-20 00:31:11 --> Invalid file: /libros/relaciones.php
in SYSTEMPATH\Exceptions\FrameworkException.php on line 33.
 1 SYSTEMPATH\View\View.php(201): CodeIgniter\Exceptions\FrameworkException::forInvalidFile('/libros/relaciones.php')
 2 SYSTEMPATH\Common.php(1134): CodeIgniter\View\View->render('/libros/relaciones', [], true)
 3 APPPATH\Controllers\ControladorRelaciones.php(23): view('/libros/relaciones', [...])
 4 SYSTEMPATH\CodeIgniter.php(927): App\Controllers\ControladorRelaciones->relaciones()
 5 SYSTEMPATH\CodeIgniter.php(482): CodeIgniter\CodeIgniter->runController(Object(App\Controllers\ControladorRelaciones))
 6 SYSTEMPATH\CodeIgniter.php(351): CodeIgniter\CodeIgniter->handleRequest(null, Object(Config\Cache), false)
 7 FCPATH\index.php(67): CodeIgniter\CodeIgniter->run()
CRITICAL - 2022-12-20 00:32:25 --> Invalid file: /libros/relaciones.php
in SYSTEMPATH\Exceptions\FrameworkException.php on line 33.
 1 SYSTEMPATH\View\View.php(201): CodeIgniter\Exceptions\FrameworkException::forInvalidFile('/libros/relaciones.php')
 2 SYSTEMPATH\Common.php(1134): CodeIgniter\View\View->render('/libros/relaciones', [], true)
 3 APPPATH\Controllers\ControladorRelaciones.php(23): view('/libros/relaciones', [...])
 4 SYSTEMPATH\CodeIgniter.php(927): App\Controllers\ControladorRelaciones->relaciones()
 5 SYSTEMPATH\CodeIgniter.php(482): CodeIgniter\CodeIgniter->runController(Object(App\Controllers\ControladorRelaciones))
 6 SYSTEMPATH\CodeIgniter.php(351): CodeIgniter\CodeIgniter->handleRequest(null, Object(Config\Cache), false)
 7 FCPATH\index.php(67): CodeIgniter\CodeIgniter->run()
CRITICAL - 2022-12-20 00:35:45 --> Invalid file: /estudiante/relaciones.php
in SYSTEMPATH\Exceptions\FrameworkException.php on line 33.
 1 SYSTEMPATH\View\View.php(201): CodeIgniter\Exceptions\FrameworkException::forInvalidFile('/estudiante/relaciones.php')
 2 SYSTEMPATH\Common.php(1134): CodeIgniter\View\View->render('/estudiante/relaciones', [], true)
 3 APPPATH\Controllers\controladorEstudiantes.php(23): view('/estudiante/relaciones', [...])
 4 SYSTEMPATH\CodeIgniter.php(927): App\Controllers\ControladorEstudiantes->CrearEstudiante()
 5 SYSTEMPATH\CodeIgniter.php(482): CodeIgniter\CodeIgniter->runController(Object(App\Controllers\ControladorEstudiantes))
 6 SYSTEMPATH\CodeIgniter.php(351): CodeIgniter\CodeIgniter->handleRequest(null, Object(Config\Cache), false)
 7 FCPATH\index.php(67): CodeIgniter\CodeIgniter->run()
CRITICAL - 2022-12-20 00:35:48 --> Invalid file: /estudiante/relaciones.php
in SYSTEMPATH\Exceptions\FrameworkException.php on line 33.
 1 SYSTEMPATH\View\View.php(201): CodeIgniter\Exceptions\FrameworkException::forInvalidFile('/estudiante/relaciones.php')
 2 SYSTEMPATH\Common.php(1134): CodeIgniter\View\View->render('/estudiante/relaciones', [], true)
 3 APPPATH\Controllers\controladorEstudiantes.php(23): view('/estudiante/relaciones', [...])
 4 SYSTEMPATH\CodeIgniter.php(927): App\Controllers\ControladorEstudiantes->CrearEstudiante()
 5 SYSTEMPATH\CodeIgniter.php(482): CodeIgniter\CodeIgniter->runController(Object(App\Controllers\ControladorEstudiantes))
 6 SYSTEMPATH\CodeIgniter.php(351): CodeIgniter\CodeIgniter->handleRequest(null, Object(Config\Cache), false)
 7 FCPATH\index.php(67): CodeIgniter\CodeIgniter->run()
CRITICAL - 2022-12-20 00:36:12 --> Invalid file: /estudiante/relaciones.php
in SYSTEMPATH\Exceptions\FrameworkException.php on line 33.
 1 SYSTEMPATH\View\View.php(201): CodeIgniter\Exceptions\FrameworkException::forInvalidFile('/estudiante/relaciones.php')
 2 SYSTEMPATH\Common.php(1134): CodeIgniter\View\View->render('/estudiante/relaciones', [], true)
 3 APPPATH\Controllers\controladorEstudiantes.php(23): view('/estudiante/relaciones', [...])
 4 SYSTEMPATH\CodeIgniter.php(927): App\Controllers\ControladorEstudiantes->CrearEstudiante()
 5 SYSTEMPATH\CodeIgniter.php(482): CodeIgniter\CodeIgniter->runController(Object(App\Controllers\ControladorEstudiantes))
 6 SYSTEMPATH\CodeIgniter.php(351): CodeIgniter\CodeIgniter->handleRequest(null, Object(Config\Cache), false)
 7 FCPATH\index.php(67): CodeIgniter\CodeIgniter->run()
CRITICAL - 2022-12-20 00:36:31 --> Invalid file: /estudiante/relaciones.php
in SYSTEMPATH\Exceptions\FrameworkException.php on line 33.
 1 SYSTEMPATH\View\View.php(201): CodeIgniter\Exceptions\FrameworkException::forInvalidFile('/estudiante/relaciones.php')
 2 SYSTEMPATH\Common.php(1134): CodeIgniter\View\View->render('/estudiante/relaciones', [], true)
 3 APPPATH\Controllers\controladorEstudiantes.php(23): view('/estudiante/relaciones', [...])
 4 SYSTEMPATH\CodeIgniter.php(927): App\Controllers\ControladorEstudiantes->CrearEstudiante()
 5 SYSTEMPATH\CodeIgniter.php(482): CodeIgniter\CodeIgniter->runController(Object(App\Controllers\ControladorEstudiantes))
 6 SYSTEMPATH\CodeIgniter.php(351): CodeIgniter\CodeIgniter->handleRequest(null, Object(Config\Cache), false)
 7 FCPATH\index.php(67): CodeIgniter\CodeIgniter->run()
CRITICAL - 2022-12-20 00:38:05 --> Invalid file: /estudiante/relaciones.php
in SYSTEMPATH\Exceptions\FrameworkException.php on line 33.
 1 SYSTEMPATH\View\View.php(201): CodeIgniter\Exceptions\FrameworkException::forInvalidFile('/estudiante/relaciones.php')
 2 SYSTEMPATH\Common.php(1134): CodeIgniter\View\View->render('/estudiante/relaciones', [], true)
 3 APPPATH\Controllers\controladorEstudiantes.php(23): view('/estudiante/relaciones', [...])
 4 SYSTEMPATH\CodeIgniter.php(927): App\Controllers\ControladorEstudiantes->CrearEstudiante()
 5 SYSTEMPATH\CodeIgniter.php(482): CodeIgniter\CodeIgniter->runController(Object(App\Controllers\ControladorEstudiantes))
 6 SYSTEMPATH\CodeIgniter.php(351): CodeIgniter\CodeIgniter->handleRequest(null, Object(Config\Cache), false)
 7 FCPATH\index.php(67): CodeIgniter\CodeIgniter->run()
CRITICAL - 2022-12-20 00:38:29 --> Invalid file: /estudiante/relaciones.php
in SYSTEMPATH\Exceptions\FrameworkException.php on line 33.
 1 SYSTEMPATH\View\View.php(201): CodeIgniter\Exceptions\FrameworkException::forInvalidFile('/estudiante/relaciones.php')
 2 SYSTEMPATH\Common.php(1134): CodeIgniter\View\View->render('/estudiante/relaciones', [], true)
 3 APPPATH\Controllers\controladorEstudiantes.php(23): view('/estudiante/relaciones', [...])
 4 SYSTEMPATH\CodeIgniter.php(927): App\Controllers\ControladorEstudiantes->CrearEstudiante()
 5 SYSTEMPATH\CodeIgniter.php(482): CodeIgniter\CodeIgniter->runController(Object(App\Controllers\ControladorEstudiantes))
 6 SYSTEMPATH\CodeIgniter.php(351): CodeIgniter\CodeIgniter->handleRequest(null, Object(Config\Cache), false)
 7 FCPATH\index.php(67): CodeIgniter\CodeIgniter->run()
CRITICAL - 2022-12-20 00:38:43 --> Invalid file: /estudiante/relaciones.php
in SYSTEMPATH\Exceptions\FrameworkException.php on line 33.
 1 SYSTEMPATH\View\View.php(201): CodeIgniter\Exceptions\FrameworkException::forInvalidFile('/estudiante/relaciones.php')
 2 SYSTEMPATH\Common.php(1134): CodeIgniter\View\View->render('/estudiante/relaciones', [], true)
 3 APPPATH\Controllers\controladorEstudiantes.php(23): view('/estudiante/relaciones', [...])
 4 SYSTEMPATH\CodeIgniter.php(927): App\Controllers\ControladorEstudiantes->CrearEstudiante()
 5 SYSTEMPATH\CodeIgniter.php(482): CodeIgniter\CodeIgniter->runController(Object(App\Controllers\ControladorEstudiantes))
 6 SYSTEMPATH\CodeIgniter.php(351): CodeIgniter\CodeIgniter->handleRequest(null, Object(Config\Cache), false)
 7 FCPATH\index.php(67): CodeIgniter\CodeIgniter->run()
CRITICAL - 2022-12-20 09:45:36 --> Undefined variable: libro
in APPPATH\Views\libros\relaciones.php on line 26.
 1 APPPATH\Views\libros\relaciones.php(26): CodeIgniter\Debug\Exceptions->errorHandler(8, 'Undefined variable: libro', 'APPPATH\\Views\\libros\\relaciones.php', 26, [...])
 2 SYSTEMPATH\View\View.php(213): include('APPPATH\\Views\\libros\\relaciones.php')
 3 SYSTEMPATH\View\View.php(216): CodeIgniter\View\View->CodeIgniter\View\{closure}()
 4 SYSTEMPATH\Common.php(1134): CodeIgniter\View\View->render('/libros/relaciones', [], true)
 5 APPPATH\Controllers\ControladorRelaciones.php(22): view('/libros/relaciones', [...])
 6 SYSTEMPATH\CodeIgniter.php(927): App\Controllers\ControladorRelaciones->relaciones()
 7 SYSTEMPATH\CodeIgniter.php(482): CodeIgniter\CodeIgniter->runController(Object(App\Controllers\ControladorRelaciones))
 8 SYSTEMPATH\CodeIgniter.php(351): CodeIgniter\CodeIgniter->handleRequest(null, Object(Config\Cache), false)
 9 FCPATH\index.php(67): CodeIgniter\CodeIgniter->run()
CRITICAL - 2022-12-20 09:45:46 --> Undefined variable: libro
in APPPATH\Views\libros\relaciones.php on line 26.
 1 APPPATH\Views\libros\relaciones.php(26): CodeIgniter\Debug\Exceptions->errorHandler(8, 'Undefined variable: libro', 'APPPATH\\Views\\libros\\relaciones.php', 26, [...])
 2 SYSTEMPATH\View\View.php(213): include('APPPATH\\Views\\libros\\relaciones.php')
 3 SYSTEMPATH\View\View.php(216): CodeIgniter\View\View->CodeIgniter\View\{closure}()
 4 SYSTEMPATH\Common.php(1134): CodeIgniter\View\View->render('/libros/relaciones', [], true)
 5 APPPATH\Controllers\ControladorRelaciones.php(22): view('/libros/relaciones', [...])
 6 SYSTEMPATH\CodeIgniter.php(927): App\Controllers\ControladorRelaciones->relaciones()
 7 SYSTEMPATH\CodeIgniter.php(482): CodeIgniter\CodeIgniter->runController(Object(App\Controllers\ControladorRelaciones))
 8 SYSTEMPATH\CodeIgniter.php(351): CodeIgniter\CodeIgniter->handleRequest(null, Object(Config\Cache), false)
 9 FCPATH\index.php(67): CodeIgniter\CodeIgniter->run()
CRITICAL - 2022-12-20 09:46:53 --> Undefined variable: libros
in APPPATH\Views\libros\relaciones.php on line 27.
 1 APPPATH\Views\libros\relaciones.php(27): CodeIgniter\Debug\Exceptions->errorHandler(8, 'Undefined variable: libros', 'APPPATH\\Views\\libros\\relaciones.php', 27, [...])
 2 SYSTEMPATH\View\View.php(213): include('APPPATH\\Views\\libros\\relaciones.php')
 3 SYSTEMPATH\View\View.php(216): CodeIgniter\View\View->CodeIgniter\View\{closure}()
 4 SYSTEMPATH\Common.php(1134): CodeIgniter\View\View->render('/libros/relaciones', [], true)
 5 APPPATH\Controllers\ControladorRelaciones.php(22): view('/libros/relaciones', [...])
 6 SYSTEMPATH\CodeIgniter.php(927): App\Controllers\ControladorRelaciones->relaciones()
 7 SYSTEMPATH\CodeIgniter.php(482): CodeIgniter\CodeIgniter->runController(Object(App\Controllers\ControladorRelaciones))
 8 SYSTEMPATH\CodeIgniter.php(351): CodeIgniter\CodeIgniter->handleRequest(null, Object(Config\Cache), false)
 9 FCPATH\index.php(67): CodeIgniter\CodeIgniter->run()
CRITICAL - 2022-12-20 09:47:20 --> Undefined variable: libros
in APPPATH\Views\libros\relaciones.php on line 27.
 1 APPPATH\Views\libros\relaciones.php(27): CodeIgniter\Debug\Exceptions->errorHandler(8, 'Undefined variable: libros', 'APPPATH\\Views\\libros\\relaciones.php', 27, [...])
 2 SYSTEMPATH\View\View.php(213): include('APPPATH\\Views\\libros\\relaciones.php')
 3 SYSTEMPATH\View\View.php(216): CodeIgniter\View\View->CodeIgniter\View\{closure}()
 4 SYSTEMPATH\Common.php(1134): CodeIgniter\View\View->render('/libros/relaciones', [], true)
 5 APPPATH\Controllers\ControladorRelaciones.php(22): view('/libros/relaciones', [...])
 6 SYSTEMPATH\CodeIgniter.php(927): App\Controllers\ControladorRelaciones->relaciones()
 7 SYSTEMPATH\CodeIgniter.php(482): CodeIgniter\CodeIgniter->runController(Object(App\Controllers\ControladorRelaciones))
 8 SYSTEMPATH\CodeIgniter.php(351): CodeIgniter\CodeIgniter->handleRequest(null, Object(Config\Cache), false)
 9 FCPATH\index.php(67): CodeIgniter\CodeIgniter->run()
CRITICAL - 2022-12-20 09:47:26 --> Undefined variable: libro
in APPPATH\Views\libros\relaciones.php on line 27.
 1 APPPATH\Views\libros\relaciones.php(27): CodeIgniter\Debug\Exceptions->errorHandler(8, 'Undefined variable: libro', 'APPPATH\\Views\\libros\\relaciones.php', 27, [...])
 2 SYSTEMPATH\View\View.php(213): include('APPPATH\\Views\\libros\\relaciones.php')
 3 SYSTEMPATH\View\View.php(216): CodeIgniter\View\View->CodeIgniter\View\{closure}()
 4 SYSTEMPATH\Common.php(1134): CodeIgniter\View\View->render('/libros/relaciones', [], true)
 5 APPPATH\Controllers\ControladorRelaciones.php(22): view('/libros/relaciones', [...])
 6 SYSTEMPATH\CodeIgniter.php(927): App\Controllers\ControladorRelaciones->relaciones()
 7 SYSTEMPATH\CodeIgniter.php(482): CodeIgniter\CodeIgniter->runController(Object(App\Controllers\ControladorRelaciones))
 8 SYSTEMPATH\CodeIgniter.php(351): CodeIgniter\CodeIgniter->handleRequest(null, Object(Config\Cache), false)
 9 FCPATH\index.php(67): CodeIgniter\CodeIgniter->run()
CRITICAL - 2022-12-20 09:47:27 --> Undefined variable: libro
in APPPATH\Views\libros\relaciones.php on line 27.
 1 APPPATH\Views\libros\relaciones.php(27): CodeIgniter\Debug\Exceptions->errorHandler(8, 'Undefined variable: libro', 'APPPATH\\Views\\libros\\relaciones.php', 27, [...])
 2 SYSTEMPATH\View\View.php(213): include('APPPATH\\Views\\libros\\relaciones.php')
 3 SYSTEMPATH\View\View.php(216): CodeIgniter\View\View->CodeIgniter\View\{closure}()
 4 SYSTEMPATH\Common.php(1134): CodeIgniter\View\View->render('/libros/relaciones', [], true)
 5 APPPATH\Controllers\ControladorRelaciones.php(22): view('/libros/relaciones', [...])
 6 SYSTEMPATH\CodeIgniter.php(927): App\Controllers\ControladorRelaciones->relaciones()
 7 SYSTEMPATH\CodeIgniter.php(482): CodeIgniter\CodeIgniter->runController(Object(App\Controllers\ControladorRelaciones))
 8 SYSTEMPATH\CodeIgniter.php(351): CodeIgniter\CodeIgniter->handleRequest(null, Object(Config\Cache), false)
 9 FCPATH\index.php(67): CodeIgniter\CodeIgniter->run()
CRITICAL - 2022-12-20 09:47:27 --> Undefined variable: libro
in APPPATH\Views\libros\relaciones.php on line 27.
 1 APPPATH\Views\libros\relaciones.php(27): CodeIgniter\Debug\Exceptions->errorHandler(8, 'Undefined variable: libro', 'APPPATH\\Views\\libros\\relaciones.php', 27, [...])
 2 SYSTEMPATH\View\View.php(213): include('APPPATH\\Views\\libros\\relaciones.php')
 3 SYSTEMPATH\View\View.php(216): CodeIgniter\View\View->CodeIgniter\View\{closure}()
 4 SYSTEMPATH\Common.php(1134): CodeIgniter\View\View->render('/libros/relaciones', [], true)
 5 APPPATH\Controllers\ControladorRelaciones.php(22): view('/libros/relaciones', [...])
 6 SYSTEMPATH\CodeIgniter.php(927): App\Controllers\ControladorRelaciones->relaciones()
 7 SYSTEMPATH\CodeIgniter.php(482): CodeIgniter\CodeIgniter->runController(Object(App\Controllers\ControladorRelaciones))
 8 SYSTEMPATH\CodeIgniter.php(351): CodeIgniter\CodeIgniter->handleRequest(null, Object(Config\Cache), false)
 9 FCPATH\index.php(67): CodeIgniter\CodeIgniter->run()
CRITICAL - 2022-12-20 09:48:44 --> Undefined variable: libros
in APPPATH\Views\libros\relaciones.php on line 26.
 1 APPPATH\Views\libros\relaciones.php(26): CodeIgniter\Debug\Exceptions->errorHandler(8, 'Undefined variable: libros', 'APPPATH\\Views\\libros\\relaciones.php', 26, [...])
 2 SYSTEMPATH\View\View.php(213): include('APPPATH\\Views\\libros\\relaciones.php')
 3 SYSTEMPATH\View\View.php(216): CodeIgniter\View\View->CodeIgniter\View\{closure}()
 4 SYSTEMPATH\Common.php(1134): CodeIgniter\View\View->render('/libros/relaciones', [], true)
 5 APPPATH\Controllers\ControladorRelaciones.php(22): view('/libros/relaciones', [...])
 6 SYSTEMPATH\CodeIgniter.php(927): App\Controllers\ControladorRelaciones->relaciones()
 7 SYSTEMPATH\CodeIgniter.php(482): CodeIgniter\CodeIgniter->runController(Object(App\Controllers\ControladorRelaciones))
 8 SYSTEMPATH\CodeIgniter.php(351): CodeIgniter\CodeIgniter->handleRequest(null, Object(Config\Cache), false)
 9 FCPATH\index.php(67): CodeIgniter\CodeIgniter->run()
CRITICAL - 2022-12-20 09:52:25 --> Undefined variable: libros
in APPPATH\Views\libros\relaciones.php on line 26.
 1 APPPATH\Views\libros\relaciones.php(26): CodeIgniter\Debug\Exceptions->errorHandler(8, 'Undefined variable: libros', 'APPPATH\\Views\\libros\\relaciones.php', 26, [...])
 2 SYSTEMPATH\View\View.php(213): include('APPPATH\\Views\\libros\\relaciones.php')
 3 SYSTEMPATH\View\View.php(216): CodeIgniter\View\View->CodeIgniter\View\{closure}()
 4 SYSTEMPATH\Common.php(1134): CodeIgniter\View\View->render('/libros/relaciones', [], true)
 5 APPPATH\Controllers\ControladorRelaciones.php(22): view('/libros/relaciones', [...])
 6 SYSTEMPATH\CodeIgniter.php(927): App\Controllers\ControladorRelaciones->relaciones()
 7 SYSTEMPATH\CodeIgniter.php(482): CodeIgniter\CodeIgniter->runController(Object(App\Controllers\ControladorRelaciones))
 8 SYSTEMPATH\CodeIgniter.php(351): CodeIgniter\CodeIgniter->handleRequest(null, Object(Config\Cache), false)
 9 FCPATH\index.php(67): CodeIgniter\CodeIgniter->run()
CRITICAL - 2022-12-20 10:06:34 --> Undefined index: genero
in APPPATH\Controllers\controladorEstudiantes.php on line 78.
 1 APPPATH\Controllers\controladorEstudiantes.php(78): CodeIgniter\Debug\Exceptions->errorHandler(8, 'Undefined index: genero', 'APPPATH\\Controllers\\controladorEstudiantes.php', 78, [])
 2 SYSTEMPATH\CodeIgniter.php(927): App\Controllers\ControladorEstudiantes->actualizarEst()
 3 SYSTEMPATH\CodeIgniter.php(482): CodeIgniter\CodeIgniter->runController(Object(App\Controllers\ControladorEstudiantes))
 4 SYSTEMPATH\CodeIgniter.php(351): CodeIgniter\CodeIgniter->handleRequest(null, Object(Config\Cache), false)
 5 FCPATH\index.php(67): CodeIgniter\CodeIgniter->run()
CRITICAL - 2022-12-20 11:20:49 --> Undefined variable: libros
in APPPATH\Views\libros\api.php on line 26.
 1 APPPATH\Views\libros\api.php(26): CodeIgniter\Debug\Exceptions->errorHandler(8, 'Undefined variable: libros', 'APPPATH\\Views\\libros\\api.php', 26, [...])
 2 SYSTEMPATH\View\View.php(213): include('APPPATH\\Views\\libros\\api.php')
 3 SYSTEMPATH\View\View.php(216): CodeIgniter\View\View->CodeIgniter\View\{closure}()
 4 SYSTEMPATH\Common.php(1134): CodeIgniter\View\View->render('/libros/api', [], true)
 5 APPPATH\Controllers\ControladorRelaciones.php(30): view('/libros/api', [...])
 6 SYSTEMPATH\CodeIgniter.php(927): App\Controllers\ControladorRelaciones->api()
 7 SYSTEMPATH\CodeIgniter.php(482): CodeIgniter\CodeIgniter->runController(Object(App\Controllers\ControladorRelaciones))
 8 SYSTEMPATH\CodeIgniter.php(351): CodeIgniter\CodeIgniter->handleRequest(null, Object(Config\Cache), false)
 9 FCPATH\index.php(67): CodeIgniter\CodeIgniter->run()
CRITICAL - 2022-12-20 11:47:10 --> file_get_contents(https://jsonplaceholder.typicode.com/post s/): failed to open stream: HTTP request failed! HTTP/1.1 404 Not Found

in APPPATH\Controllers\ControladorRelaciones.php on line 32.
 1 [internal function]: CodeIgniter\Debug\Exceptions->errorHandler(2, 'file_get_contents(https://jsonplaceholder.typicode.com/post s/): failed to open stream: HTTP request failed! HTTP/1.1 404 Not Found
', 'APPPATH\\Controllers\\ControladorRelaciones.php', 32, [...])
 2 APPPATH\Controllers\ControladorRelaciones.php(32): file_get_contents('https://jsonplaceholder.typicode.com/post s/')
 3 SYSTEMPATH\CodeIgniter.php(927): App\Controllers\ControladorRelaciones->api()
 4 SYSTEMPATH\CodeIgniter.php(482): CodeIgniter\CodeIgniter->runController(Object(App\Controllers\ControladorRelaciones))
 5 SYSTEMPATH\CodeIgniter.php(351): CodeIgniter\CodeIgniter->handleRequest(null, Object(Config\Cache), false)
 6 FCPATH\index.php(67): CodeIgniter\CodeIgniter->run()
CRITICAL - 2022-12-20 11:47:12 --> file_get_contents(https://jsonplaceholder.typicode.com/post s/): failed to open stream: HTTP request failed! HTTP/1.1 404 Not Found

in APPPATH\Controllers\ControladorRelaciones.php on line 32.
 1 [internal function]: CodeIgniter\Debug\Exceptions->errorHandler(2, 'file_get_contents(https://jsonplaceholder.typicode.com/post s/): failed to open stream: HTTP request failed! HTTP/1.1 404 Not Found
', 'APPPATH\\Controllers\\ControladorRelaciones.php', 32, [...])
 2 APPPATH\Controllers\ControladorRelaciones.php(32): file_get_contents('https://jsonplaceholder.typicode.com/post s/')
 3 SYSTEMPATH\CodeIgniter.php(927): App\Controllers\ControladorRelaciones->api()
 4 SYSTEMPATH\CodeIgniter.php(482): CodeIgniter\CodeIgniter->runController(Object(App\Controllers\ControladorRelaciones))
 5 SYSTEMPATH\CodeIgniter.php(351): CodeIgniter\CodeIgniter->handleRequest(null, Object(Config\Cache), false)
 6 FCPATH\index.php(67): CodeIgniter\CodeIgniter->run()
CRITICAL - 2022-12-20 11:47:13 --> file_get_contents(https://jsonplaceholder.typicode.com/post s/): failed to open stream: HTTP request failed! HTTP/1.1 404 Not Found

in APPPATH\Controllers\ControladorRelaciones.php on line 32.
 1 [internal function]: CodeIgniter\Debug\Exceptions->errorHandler(2, 'file_get_contents(https://jsonplaceholder.typicode.com/post s/): failed to open stream: HTTP request failed! HTTP/1.1 404 Not Found
', 'APPPATH\\Controllers\\ControladorRelaciones.php', 32, [...])
 2 APPPATH\Controllers\ControladorRelaciones.php(32): file_get_contents('https://jsonplaceholder.typicode.com/post s/')
 3 SYSTEMPATH\CodeIgniter.php(927): App\Controllers\ControladorRelaciones->api()
 4 SYSTEMPATH\CodeIgniter.php(482): CodeIgniter\CodeIgniter->runController(Object(App\Controllers\ControladorRelaciones))
 5 SYSTEMPATH\CodeIgniter.php(351): CodeIgniter\CodeIgniter->handleRequest(null, Object(Config\Cache), false)
 6 FCPATH\index.php(67): CodeIgniter\CodeIgniter->run()
CRITICAL - 2022-12-20 11:47:13 --> file_get_contents(https://jsonplaceholder.typicode.com/post s/): failed to open stream: HTTP request failed! HTTP/1.1 404 Not Found

in APPPATH\Controllers\ControladorRelaciones.php on line 32.
 1 [internal function]: CodeIgniter\Debug\Exceptions->errorHandler(2, 'file_get_contents(https://jsonplaceholder.typicode.com/post s/): failed to open stream: HTTP request failed! HTTP/1.1 404 Not Found
', 'APPPATH\\Controllers\\ControladorRelaciones.php', 32, [...])
 2 APPPATH\Controllers\ControladorRelaciones.php(32): file_get_contents('https://jsonplaceholder.typicode.com/post s/')
 3 SYSTEMPATH\CodeIgniter.php(927): App\Controllers\ControladorRelaciones->api()
 4 SYSTEMPATH\CodeIgniter.php(482): CodeIgniter\CodeIgniter->runController(Object(App\Controllers\ControladorRelaciones))
 5 SYSTEMPATH\CodeIgniter.php(351): CodeIgniter\CodeIgniter->handleRequest(null, Object(Config\Cache), false)
 6 FCPATH\index.php(67): CodeIgniter\CodeIgniter->run()
CRITICAL - 2022-12-20 11:47:13 --> file_get_contents(https://jsonplaceholder.typicode.com/post s/): failed to open stream: HTTP request failed! HTTP/1.1 404 Not Found

in APPPATH\Controllers\ControladorRelaciones.php on line 32.
 1 [internal function]: CodeIgniter\Debug\Exceptions->errorHandler(2, 'file_get_contents(https://jsonplaceholder.typicode.com/post s/): failed to open stream: HTTP request failed! HTTP/1.1 404 Not Found
', 'APPPATH\\Controllers\\ControladorRelaciones.php', 32, [...])
 2 APPPATH\Controllers\ControladorRelaciones.php(32): file_get_contents('https://jsonplaceholder.typicode.com/post s/')
 3 SYSTEMPATH\CodeIgniter.php(927): App\Controllers\ControladorRelaciones->api()
 4 SYSTEMPATH\CodeIgniter.php(482): CodeIgniter\CodeIgniter->runController(Object(App\Controllers\ControladorRelaciones))
 5 SYSTEMPATH\CodeIgniter.php(351): CodeIgniter\CodeIgniter->handleRequest(null, Object(Config\Cache), false)
 6 FCPATH\index.php(67): CodeIgniter\CodeIgniter->run()
CRITICAL - 2022-12-20 11:47:14 --> file_get_contents(https://jsonplaceholder.typicode.com/post s/): failed to open stream: HTTP request failed! HTTP/1.1 404 Not Found

in APPPATH\Controllers\ControladorRelaciones.php on line 32.
 1 [internal function]: CodeIgniter\Debug\Exceptions->errorHandler(2, 'file_get_contents(https://jsonplaceholder.typicode.com/post s/): failed to open stream: HTTP request failed! HTTP/1.1 404 Not Found
', 'APPPATH\\Controllers\\ControladorRelaciones.php', 32, [...])
 2 APPPATH\Controllers\ControladorRelaciones.php(32): file_get_contents('https://jsonplaceholder.typicode.com/post s/')
 3 SYSTEMPATH\CodeIgniter.php(927): App\Controllers\ControladorRelaciones->api()
 4 SYSTEMPATH\CodeIgniter.php(482): CodeIgniter\CodeIgniter->runController(Object(App\Controllers\ControladorRelaciones))
 5 SYSTEMPATH\CodeIgniter.php(351): CodeIgniter\CodeIgniter->handleRequest(null, Object(Config\Cache), false)
 6 FCPATH\index.php(67): CodeIgniter\CodeIgniter->run()
CRITICAL - 2022-12-20 11:47:14 --> file_get_contents(https://jsonplaceholder.typicode.com/post s/): failed to open stream: HTTP request failed! HTTP/1.1 404 Not Found

in APPPATH\Controllers\ControladorRelaciones.php on line 32.
 1 [internal function]: CodeIgniter\Debug\Exceptions->errorHandler(2, 'file_get_contents(https://jsonplaceholder.typicode.com/post s/): failed to open stream: HTTP request failed! HTTP/1.1 404 Not Found
', 'APPPATH\\Controllers\\ControladorRelaciones.php', 32, [...])
 2 APPPATH\Controllers\ControladorRelaciones.php(32): file_get_contents('https://jsonplaceholder.typicode.com/post s/')
 3 SYSTEMPATH\CodeIgniter.php(927): App\Controllers\ControladorRelaciones->api()
 4 SYSTEMPATH\CodeIgniter.php(482): CodeIgniter\CodeIgniter->runController(Object(App\Controllers\ControladorRelaciones))
 5 SYSTEMPATH\CodeIgniter.php(351): CodeIgniter\CodeIgniter->handleRequest(null, Object(Config\Cache), false)
 6 FCPATH\index.php(67): CodeIgniter\CodeIgniter->run()
CRITICAL - 2022-12-20 11:47:14 --> file_get_contents(https://jsonplaceholder.typicode.com/post s/): failed to open stream: HTTP request failed! HTTP/1.1 404 Not Found

in APPPATH\Controllers\ControladorRelaciones.php on line 32.
 1 [internal function]: CodeIgniter\Debug\Exceptions->errorHandler(2, 'file_get_contents(https://jsonplaceholder.typicode.com/post s/): failed to open stream: HTTP request failed! HTTP/1.1 404 Not Found
', 'APPPATH\\Controllers\\ControladorRelaciones.php', 32, [...])
 2 APPPATH\Controllers\ControladorRelaciones.php(32): file_get_contents('https://jsonplaceholder.typicode.com/post s/')
 3 SYSTEMPATH\CodeIgniter.php(927): App\Controllers\ControladorRelaciones->api()
 4 SYSTEMPATH\CodeIgniter.php(482): CodeIgniter\CodeIgniter->runController(Object(App\Controllers\ControladorRelaciones))
 5 SYSTEMPATH\CodeIgniter.php(351): CodeIgniter\CodeIgniter->handleRequest(null, Object(Config\Cache), false)
 6 FCPATH\index.php(67): CodeIgniter\CodeIgniter->run()
CRITICAL - 2022-12-20 11:47:14 --> file_get_contents(https://jsonplaceholder.typicode.com/post s/): failed to open stream: HTTP request failed! HTTP/1.1 404 Not Found

in APPPATH\Controllers\ControladorRelaciones.php on line 32.
 1 [internal function]: CodeIgniter\Debug\Exceptions->errorHandler(2, 'file_get_contents(https://jsonplaceholder.typicode.com/post s/): failed to open stream: HTTP request failed! HTTP/1.1 404 Not Found
', 'APPPATH\\Controllers\\ControladorRelaciones.php', 32, [...])
 2 APPPATH\Controllers\ControladorRelaciones.php(32): file_get_contents('https://jsonplaceholder.typicode.com/post s/')
 3 SYSTEMPATH\CodeIgniter.php(927): App\Controllers\ControladorRelaciones->api()
 4 SYSTEMPATH\CodeIgniter.php(482): CodeIgniter\CodeIgniter->runController(Object(App\Controllers\ControladorRelaciones))
 5 SYSTEMPATH\CodeIgniter.php(351): CodeIgniter\CodeIgniter->handleRequest(null, Object(Config\Cache), false)
 6 FCPATH\index.php(67): CodeIgniter\CodeIgniter->run()
CRITICAL - 2022-12-20 11:47:20 --> file_get_contents(https://jsonplaceholder.typicode.com/post s/): failed to open stream: HTTP request failed! HTTP/1.1 404 Not Found

in APPPATH\Controllers\ControladorRelaciones.php on line 32.
 1 [internal function]: CodeIgniter\Debug\Exceptions->errorHandler(2, 'file_get_contents(https://jsonplaceholder.typicode.com/post s/): failed to open stream: HTTP request failed! HTTP/1.1 404 Not Found
', 'APPPATH\\Controllers\\ControladorRelaciones.php', 32, [...])
 2 APPPATH\Controllers\ControladorRelaciones.php(32): file_get_contents('https://jsonplaceholder.typicode.com/post s/')
 3 SYSTEMPATH\CodeIgniter.php(927): App\Controllers\ControladorRelaciones->api()
 4 SYSTEMPATH\CodeIgniter.php(482): CodeIgniter\CodeIgniter->runController(Object(App\Controllers\ControladorRelaciones))
 5 SYSTEMPATH\CodeIgniter.php(351): CodeIgniter\CodeIgniter->handleRequest(null, Object(Config\Cache), false)
 6 FCPATH\index.php(67): CodeIgniter\CodeIgniter->run()
CRITICAL - 2022-12-20 11:47:29 --> file_get_contents(https://jsonplaceholder.typicode.com/post s/): failed to open stream: HTTP request failed! HTTP/1.1 404 Not Found

in APPPATH\Controllers\ControladorRelaciones.php on line 32.
 1 [internal function]: CodeIgniter\Debug\Exceptions->errorHandler(2, 'file_get_contents(https://jsonplaceholder.typicode.com/post s/): failed to open stream: HTTP request failed! HTTP/1.1 404 Not Found
', 'APPPATH\\Controllers\\ControladorRelaciones.php', 32, [...])
 2 APPPATH\Controllers\ControladorRelaciones.php(32): file_get_contents('https://jsonplaceholder.typicode.com/post s/')
 3 SYSTEMPATH\CodeIgniter.php(927): App\Controllers\ControladorRelaciones->api()
 4 SYSTEMPATH\CodeIgniter.php(482): CodeIgniter\CodeIgniter->runController(Object(App\Controllers\ControladorRelaciones))
 5 SYSTEMPATH\CodeIgniter.php(351): CodeIgniter\CodeIgniter->handleRequest(null, Object(Config\Cache), false)
 6 FCPATH\index.php(67): CodeIgniter\CodeIgniter->run()
CRITICAL - 2022-12-20 15:18:01 --> Invalid file: /libros/sesion.php
in SYSTEMPATH\Exceptions\FrameworkException.php on line 33.
 1 SYSTEMPATH\View\View.php(201): CodeIgniter\Exceptions\FrameworkException::forInvalidFile('/libros/sesion.php')
 2 SYSTEMPATH\Common.php(1134): CodeIgniter\View\View->render('/libros/sesion', [], true)
 3 APPPATH\Controllers\ControladorSesiones.php(26): view('/libros/sesion', [...])
 4 SYSTEMPATH\CodeIgniter.php(927): App\Controllers\ControladorSesiones->sesion()
 5 SYSTEMPATH\CodeIgniter.php(482): CodeIgniter\CodeIgniter->runController(Object(App\Controllers\ControladorSesiones))
 6 SYSTEMPATH\CodeIgniter.php(351): CodeIgniter\CodeIgniter->handleRequest(null, Object(Config\Cache), false)
 7 FCPATH\index.php(67): CodeIgniter\CodeIgniter->run()
CRITICAL - 2022-12-20 15:18:17 --> Invalid file: /libros/sesion/login.php
in SYSTEMPATH\Exceptions\FrameworkException.php on line 33.
 1 SYSTEMPATH\View\View.php(201): CodeIgniter\Exceptions\FrameworkException::forInvalidFile('/libros/sesion/login.php')
 2 SYSTEMPATH\Common.php(1134): CodeIgniter\View\View->render('/libros/sesion/login', [], true)
 3 APPPATH\Controllers\ControladorSesiones.php(26): view('/libros/sesion/login', [...])
 4 SYSTEMPATH\CodeIgniter.php(927): App\Controllers\ControladorSesiones->sesion()
 5 SYSTEMPATH\CodeIgniter.php(482): CodeIgniter\CodeIgniter->runController(Object(App\Controllers\ControladorSesiones))
 6 SYSTEMPATH\CodeIgniter.php(351): CodeIgniter\CodeIgniter->handleRequest(null, Object(Config\Cache), false)
 7 FCPATH\index.php(67): CodeIgniter\CodeIgniter->run()
CRITICAL - 2022-12-20 15:18:18 --> Invalid file: /libros/sesion/login.php
in SYSTEMPATH\Exceptions\FrameworkException.php on line 33.
 1 SYSTEMPATH\View\View.php(201): CodeIgniter\Exceptions\FrameworkException::forInvalidFile('/libros/sesion/login.php')
 2 SYSTEMPATH\Common.php(1134): CodeIgniter\View\View->render('/libros/sesion/login', [], true)
 3 APPPATH\Controllers\ControladorSesiones.php(26): view('/libros/sesion/login', [...])
 4 SYSTEMPATH\CodeIgniter.php(927): App\Controllers\ControladorSesiones->sesion()
 5 SYSTEMPATH\CodeIgniter.php(482): CodeIgniter\CodeIgniter->runController(Object(App\Controllers\ControladorSesiones))
 6 SYSTEMPATH\CodeIgniter.php(351): CodeIgniter\CodeIgniter->handleRequest(null, Object(Config\Cache), false)
 7 FCPATH\index.php(67): CodeIgniter\CodeIgniter->run()
CRITICAL - 2022-12-20 16:27:32 --> Method name must be a string
in APPPATH\Controllers\ControladorSesiones.php on line 45.
 1 SYSTEMPATH\CodeIgniter.php(927): App\Controllers\ControladorSesiones->validarUsuario()
 2 SYSTEMPATH\CodeIgniter.php(482): CodeIgniter\CodeIgniter->runController(Object(App\Controllers\ControladorSesiones))
 3 SYSTEMPATH\CodeIgniter.php(351): CodeIgniter\CodeIgniter->handleRequest(null, Object(Config\Cache), false)
 4 FCPATH\index.php(67): CodeIgniter\CodeIgniter->run()
CRITICAL - 2022-12-20 16:29:50 --> Method name must be a string
in APPPATH\Controllers\ControladorSesiones.php on line 45.
 1 SYSTEMPATH\CodeIgniter.php(927): App\Controllers\ControladorSesiones->validarUsuario()
 2 SYSTEMPATH\CodeIgniter.php(482): CodeIgniter\CodeIgniter->runController(Object(App\Controllers\ControladorSesiones))
 3 SYSTEMPATH\CodeIgniter.php(351): CodeIgniter\CodeIgniter->handleRequest(null, Object(Config\Cache), false)
 4 FCPATH\index.php(67): CodeIgniter\CodeIgniter->run()
CRITICAL - 2022-12-20 16:33:55 --> Method name must be a string
in APPPATH\Controllers\ControladorSesiones.php on line 69.
 1 SYSTEMPATH\CodeIgniter.php(927): App\Controllers\ControladorSesiones->validarUsuario2()
 2 SYSTEMPATH\CodeIgniter.php(482): CodeIgniter\CodeIgniter->runController(Object(App\Controllers\ControladorSesiones))
 3 SYSTEMPATH\CodeIgniter.php(351): CodeIgniter\CodeIgniter->handleRequest(null, Object(Config\Cache), false)
 4 FCPATH\index.php(67): CodeIgniter\CodeIgniter->run()
CRITICAL - 2022-12-20 16:35:30 --> Method name must be a string
in APPPATH\Controllers\ControladorSesiones.php on line 69.
 1 SYSTEMPATH\CodeIgniter.php(927): App\Controllers\ControladorSesiones->validarUsuario2()
 2 SYSTEMPATH\CodeIgniter.php(482): CodeIgniter\CodeIgniter->runController(Object(App\Controllers\ControladorSesiones))
 3 SYSTEMPATH\CodeIgniter.php(351): CodeIgniter\CodeIgniter->handleRequest(null, Object(Config\Cache), false)
 4 FCPATH\index.php(67): CodeIgniter\CodeIgniter->run()
CRITICAL - 2022-12-20 16:36:01 --> Method name must be a string
in APPPATH\Controllers\ControladorSesiones.php on line 69.
 1 SYSTEMPATH\CodeIgniter.php(927): App\Controllers\ControladorSesiones->validarUsuario2()
 2 SYSTEMPATH\CodeIgniter.php(482): CodeIgniter\CodeIgniter->runController(Object(App\Controllers\ControladorSesiones))
 3 SYSTEMPATH\CodeIgniter.php(351): CodeIgniter\CodeIgniter->handleRequest(null, Object(Config\Cache), false)
 4 FCPATH\index.php(67): CodeIgniter\CodeIgniter->run()
CRITICAL - 2022-12-20 16:43:42 --> Method name must be a string
in APPPATH\Controllers\ControladorSesiones.php on line 69.
 1 SYSTEMPATH\CodeIgniter.php(927): App\Controllers\ControladorSesiones->validarUsuario2()
 2 SYSTEMPATH\CodeIgniter.php(482): CodeIgniter\CodeIgniter->runController(Object(App\Controllers\ControladorSesiones))
 3 SYSTEMPATH\CodeIgniter.php(351): CodeIgniter\CodeIgniter->handleRequest(null, Object(Config\Cache), false)
 4 FCPATH\index.php(67): CodeIgniter\CodeIgniter->run()
CRITICAL - 2022-12-20 16:45:46 --> Method name must be a string
in APPPATH\Controllers\ControladorSesiones.php on line 70.
 1 SYSTEMPATH\CodeIgniter.php(927): App\Controllers\ControladorSesiones->validarUsuario2()
 2 SYSTEMPATH\CodeIgniter.php(482): CodeIgniter\CodeIgniter->runController(Object(App\Controllers\ControladorSesiones))
 3 SYSTEMPATH\CodeIgniter.php(351): CodeIgniter\CodeIgniter->handleRequest(null, Object(Config\Cache), false)
 4 FCPATH\index.php(67): CodeIgniter\CodeIgniter->run()
CRITICAL - 2022-12-20 16:51:30 --> Method name must be a string
in APPPATH\Controllers\ControladorSesiones.php on line 70.
 1 SYSTEMPATH\CodeIgniter.php(927): App\Controllers\ControladorSesiones->validarUsuario2()
 2 SYSTEMPATH\CodeIgniter.php(482): CodeIgniter\CodeIgniter->runController(Object(App\Controllers\ControladorSesiones))
 3 SYSTEMPATH\CodeIgniter.php(351): CodeIgniter\CodeIgniter->handleRequest(null, Object(Config\Cache), false)
 4 FCPATH\index.php(67): CodeIgniter\CodeIgniter->run()
CRITICAL - 2022-12-20 17:47:17 --> Method name must be a string
in APPPATH\Controllers\ControladorSesiones.php on line 71.
 1 SYSTEMPATH\CodeIgniter.php(927): App\Controllers\ControladorSesiones->validarUsuario2()
 2 SYSTEMPATH\CodeIgniter.php(482): CodeIgniter\CodeIgniter->runController(Object(App\Controllers\ControladorSesiones))
 3 SYSTEMPATH\CodeIgniter.php(351): CodeIgniter\CodeIgniter->handleRequest(null, Object(Config\Cache), false)
 4 FCPATH\index.php(67): CodeIgniter\CodeIgniter->run()
CRITICAL - 2022-12-20 17:53:15 --> Method name must be a string
in APPPATH\Controllers\ControladorSesiones.php on line 71.
 1 SYSTEMPATH\CodeIgniter.php(927): App\Controllers\ControladorSesiones->validarUsuario2()
 2 SYSTEMPATH\CodeIgniter.php(482): CodeIgniter\CodeIgniter->runController(Object(App\Controllers\ControladorSesiones))
 3 SYSTEMPATH\CodeIgniter.php(351): CodeIgniter\CodeIgniter->handleRequest(null, Object(Config\Cache), false)
 4 FCPATH\index.php(67): CodeIgniter\CodeIgniter->run()
CRITICAL - 2022-12-20 17:53:43 --> Method name must be a string
in APPPATH\Controllers\ControladorSesiones.php on line 71.
 1 SYSTEMPATH\CodeIgniter.php(927): App\Controllers\ControladorSesiones->validarUsuario2()
 2 SYSTEMPATH\CodeIgniter.php(482): CodeIgniter\CodeIgniter->runController(Object(App\Controllers\ControladorSesiones))
 3 SYSTEMPATH\CodeIgniter.php(351): CodeIgniter\CodeIgniter->handleRequest(null, Object(Config\Cache), false)
 4 FCPATH\index.php(67): CodeIgniter\CodeIgniter->run()
CRITICAL - 2022-12-20 17:54:31 --> Method name must be a string
in APPPATH\Controllers\ControladorSesiones.php on line 71.
 1 SYSTEMPATH\CodeIgniter.php(927): App\Controllers\ControladorSesiones->validarUsuario2()
 2 SYSTEMPATH\CodeIgniter.php(482): CodeIgniter\CodeIgniter->runController(Object(App\Controllers\ControladorSesiones))
 3 SYSTEMPATH\CodeIgniter.php(351): CodeIgniter\CodeIgniter->handleRequest(null, Object(Config\Cache), false)
 4 FCPATH\index.php(67): CodeIgniter\CodeIgniter->run()
CRITICAL - 2022-12-20 17:54:36 --> Method name must be a string
in APPPATH\Controllers\ControladorSesiones.php on line 71.
 1 SYSTEMPATH\CodeIgniter.php(927): App\Controllers\ControladorSesiones->validarUsuario2()
 2 SYSTEMPATH\CodeIgniter.php(482): CodeIgniter\CodeIgniter->runController(Object(App\Controllers\ControladorSesiones))
 3 SYSTEMPATH\CodeIgniter.php(351): CodeIgniter\CodeIgniter->handleRequest(null, Object(Config\Cache), false)
 4 FCPATH\index.php(67): CodeIgniter\CodeIgniter->run()
CRITICAL - 2022-12-20 18:32:37 --> Function name must be a string
in APPPATH\Controllers\Home.php on line 37.
 1 SYSTEMPATH\CodeIgniter.php(927): App\Controllers\Home->login2()
 2 SYSTEMPATH\CodeIgniter.php(482): CodeIgniter\CodeIgniter->runController(Object(App\Controllers\Home))
 3 SYSTEMPATH\CodeIgniter.php(351): CodeIgniter\CodeIgniter->handleRequest(null, Object(Config\Cache), false)
 4 FCPATH\index.php(67): CodeIgniter\CodeIgniter->run()
CRITICAL - 2022-12-20 18:32:57 --> Undefined offset: 0
in APPPATH\Controllers\Home.php on line 43.
 1 APPPATH\Controllers\Home.php(43): CodeIgniter\Debug\Exceptions->errorHandler(8, 'Undefined offset: 0', 'APPPATH\\Controllers\\Home.php', 43, [...])
 2 SYSTEMPATH\CodeIgniter.php(927): App\Controllers\Home->login2()
 3 SYSTEMPATH\CodeIgniter.php(482): CodeIgniter\CodeIgniter->runController(Object(App\Controllers\Home))
 4 SYSTEMPATH\CodeIgniter.php(351): CodeIgniter\CodeIgniter->handleRequest(null, Object(Config\Cache), false)
 5 FCPATH\index.php(67): CodeIgniter\CodeIgniter->run()
CRITICAL - 2022-12-20 18:46:15 --> Trying to access array offset on value of type null
in APPPATH\Controllers\Home.php on line 39.
 1 APPPATH\Controllers\Home.php(39): CodeIgniter\Debug\Exceptions->errorHandler(8, 'Trying to access array offset on value of type null', 'APPPATH\\Controllers\\Home.php', 39, [...])
 2 SYSTEMPATH\CodeIgniter.php(927): App\Controllers\Home->login2()
 3 SYSTEMPATH\CodeIgniter.php(482): CodeIgniter\CodeIgniter->runController(Object(App\Controllers\Home))
 4 SYSTEMPATH\CodeIgniter.php(351): CodeIgniter\CodeIgniter->handleRequest(null, Object(Config\Cache), false)
 5 FCPATH\index.php(67): CodeIgniter\CodeIgniter->run()
CRITICAL - 2022-12-20 20:37:31 --> Call to a member function where() on array
in APPPATH\Models\ModeloLogin.php on line 32.
 1 APPPATH\Controllers\Home.php(28): App\Models\ModeloLogin->obtenerUsuario([...], [...])
 2 SYSTEMPATH\CodeIgniter.php(927): App\Controllers\Home->login2()
 3 SYSTEMPATH\CodeIgniter.php(482): CodeIgniter\CodeIgniter->runController(Object(App\Controllers\Home))
 4 SYSTEMPATH\CodeIgniter.php(351): CodeIgniter\CodeIgniter->handleRequest(null, Object(Config\Cache), false)
 5 FCPATH\index.php(67): CodeIgniter\CodeIgniter->run()
CRITICAL - 2022-12-20 20:38:46 --> Call to a member function where() on array
in APPPATH\Models\ModeloLogin.php on line 32.
 1 APPPATH\Controllers\Home.php(28): App\Models\ModeloLogin->obtenerUsuario([...], [...])
 2 SYSTEMPATH\CodeIgniter.php(927): App\Controllers\Home->login2()
 3 SYSTEMPATH\CodeIgniter.php(482): CodeIgniter\CodeIgniter->runController(Object(App\Controllers\Home))
 4 SYSTEMPATH\CodeIgniter.php(351): CodeIgniter\CodeIgniter->handleRequest(null, Object(Config\Cache), false)
 5 FCPATH\index.php(67): CodeIgniter\CodeIgniter->run()
CRITICAL - 2022-12-20 20:39:24 --> Call to a member function get() on array
in APPPATH\Models\ModeloLogin.php on line 35.
 1 APPPATH\Controllers\Home.php(28): App\Models\ModeloLogin->obtenerUsuario([...], [...])
 2 SYSTEMPATH\CodeIgniter.php(927): App\Controllers\Home->login2()
 3 SYSTEMPATH\CodeIgniter.php(482): CodeIgniter\CodeIgniter->runController(Object(App\Controllers\Home))
 4 SYSTEMPATH\CodeIgniter.php(351): CodeIgniter\CodeIgniter->handleRequest(null, Object(Config\Cache), false)
 5 FCPATH\index.php(67): CodeIgniter\CodeIgniter->run()
CRITICAL - 2022-12-20 20:43:25 --> Undefined offset: 0
in APPPATH\Controllers\Home.php on line 34.
 1 APPPATH\Controllers\Home.php(34): CodeIgniter\Debug\Exceptions->errorHandler(8, 'Undefined offset: 0', 'APPPATH\\Controllers\\Home.php', 34, [...])
 2 SYSTEMPATH\CodeIgniter.php(927): App\Controllers\Home->login2()
 3 SYSTEMPATH\CodeIgniter.php(482): CodeIgniter\CodeIgniter->runController(Object(App\Controllers\Home))
 4 SYSTEMPATH\CodeIgniter.php(351): CodeIgniter\CodeIgniter->handleRequest(null, Object(Config\Cache), false)
 5 FCPATH\index.php(67): CodeIgniter\CodeIgniter->run()
CRITICAL - 2022-12-20 20:44:07 --> Undefined index: user
in APPPATH\Controllers\Home.php on line 34.
 1 APPPATH\Controllers\Home.php(34): CodeIgniter\Debug\Exceptions->errorHandler(8, 'Undefined index: user', 'APPPATH\\Controllers\\Home.php', 34, [...])
 2 SYSTEMPATH\CodeIgniter.php(927): App\Controllers\Home->login2()
 3 SYSTEMPATH\CodeIgniter.php(482): CodeIgniter\CodeIgniter->runController(Object(App\Controllers\Home))
 4 SYSTEMPATH\CodeIgniter.php(351): CodeIgniter\CodeIgniter->handleRequest(null, Object(Config\Cache), false)
 5 FCPATH\index.php(67): CodeIgniter\CodeIgniter->run()
CRITICAL - 2022-12-20 20:44:18 --> Undefined index: user
in APPPATH\Controllers\Home.php on line 34.
 1 APPPATH\Controllers\Home.php(34): CodeIgniter\Debug\Exceptions->errorHandler(8, 'Undefined index: user', 'APPPATH\\Controllers\\Home.php', 34, [...])
 2 SYSTEMPATH\CodeIgniter.php(927): App\Controllers\Home->login2()
 3 SYSTEMPATH\CodeIgniter.php(482): CodeIgniter\CodeIgniter->runController(Object(App\Controllers\Home))
 4 SYSTEMPATH\CodeIgniter.php(351): CodeIgniter\CodeIgniter->handleRequest(null, Object(Config\Cache), false)
 5 FCPATH\index.php(67): CodeIgniter\CodeIgniter->run()
CRITICAL - 2022-12-20 20:56:21 --> Array to string conversion
in APPPATH\Models\ModeloLogin.php on line 16.
 1 APPPATH\Models\ModeloLogin.php(16): CodeIgniter\Debug\Exceptions->errorHandler(8, 'Array to string conversion', 'APPPATH\\Models\\ModeloLogin.php', 16, [...])
 2 APPPATH\Controllers\Home.php(28): App\Models\ModeloLogin->obtenerUsuario([...], [...])
 3 SYSTEMPATH\CodeIgniter.php(927): App\Controllers\Home->login2()
 4 SYSTEMPATH\CodeIgniter.php(482): CodeIgniter\CodeIgniter->runController(Object(App\Controllers\Home))
 5 SYSTEMPATH\CodeIgniter.php(351): CodeIgniter\CodeIgniter->handleRequest(null, Object(Config\Cache), false)
 6 FCPATH\index.php(67): CodeIgniter\CodeIgniter->run()
ERROR - 2022-12-20 21:02:27 --> mysqli_sql_exception: Unknown column '$user' in 'where clause' in C:\xampp2\htdocs\biblioteca\system\Database\MySQLi\Connection.php:292
Stack trace:
#0 C:\xampp2\htdocs\biblioteca\system\Database\MySQLi\Connection.php(292): mysqli->query('SELECT *\nFROM `...', 0)
#1 C:\xampp2\htdocs\biblioteca\system\Database\BaseConnection.php(666): CodeIgniter\Database\MySQLi\Connection->execute('SELECT *\nFROM `...')
#2 C:\xampp2\htdocs\biblioteca\system\Database\BaseConnection.php(593): CodeIgniter\Database\BaseConnection->simpleQuery('SELECT *\nFROM `...')
#3 C:\xampp2\htdocs\biblioteca\system\Database\BaseBuilder.php(1585): CodeIgniter\Database\BaseConnection->query('SELECT *\nFROM `...', Array, false)
#4 C:\xampp2\htdocs\biblioteca\app\Models\ModeloLogin.php(18): CodeIgniter\Database\BaseBuilder->get()
#5 C:\xampp2\htdocs\biblioteca\app\Controllers\Home.php(28): App\Models\ModeloLogin->obtenerUsuario(Array, Array)
#6 C:\xampp2\htdocs\biblioteca\system\CodeIgniter.php(927): App\Controllers\Home->login2()
#7 C:\xampp2\htdocs\biblioteca\system\CodeIgniter.php(482): CodeIgniter\CodeIgniter->runController(Object(App\Controllers\Home))
#8 C:\xampp2\htdocs\biblioteca\system\CodeIgniter.php(351): CodeIgniter\CodeIgniter->handleRequest(NULL, Object(Config\Cache), false)
#9 C:\xampp2\htdocs\biblioteca\index.php(67): CodeIgniter\CodeIgniter->run()
#10 {main}
CRITICAL - 2022-12-20 21:02:27 --> Unknown column '$user' in 'where clause'
in SYSTEMPATH\Database\MySQLi\Connection.php on line 292.
 1 SYSTEMPATH\Database\MySQLi\Connection.php(292): mysqli->query('SELECT *
FROM `tbllogin`
WHERE `user` = $user AND `pass` = $pass', 0)
 2 SYSTEMPATH\Database\BaseConnection.php(666): CodeIgniter\Database\MySQLi\Connection->execute('SELECT *
FROM `tbllogin`
WHERE `user` = $user AND `pass` = $pass')
 3 SYSTEMPATH\Database\BaseConnection.php(593): CodeIgniter\Database\BaseConnection->simpleQuery('SELECT *
FROM `tbllogin`
WHERE `user` = $user AND `pass` = $pass')
 4 SYSTEMPATH\Database\BaseBuilder.php(1585): CodeIgniter\Database\BaseConnection->query('SELECT *
FROM `tbllogin`
WHERE `user` = $user AND `pass` = $pass', [], false)
 5 APPPATH\Models\ModeloLogin.php(18): CodeIgniter\Database\BaseBuilder->get()
 6 APPPATH\Controllers\Home.php(28): App\Models\ModeloLogin->obtenerUsuario([...], [...])
 7 SYSTEMPATH\CodeIgniter.php(927): App\Controllers\Home->login2()
 8 SYSTEMPATH\CodeIgniter.php(482): CodeIgniter\CodeIgniter->runController(Object(App\Controllers\Home))
 9 SYSTEMPATH\CodeIgniter.php(351): CodeIgniter\CodeIgniter->handleRequest(null, Object(Config\Cache), false)
10 FCPATH\index.php(67): CodeIgniter\CodeIgniter->run()
CRITICAL - 2022-12-20 21:06:12 --> Undefined offset: 0
in APPPATH\Controllers\Home.php on line 35.
 1 APPPATH\Controllers\Home.php(35): CodeIgniter\Debug\Exceptions->errorHandler(8, 'Undefined offset: 0', 'APPPATH\\Controllers\\Home.php', 35, [...])
 2 SYSTEMPATH\CodeIgniter.php(927): App\Controllers\Home->login2()
 3 SYSTEMPATH\CodeIgniter.php(482): CodeIgniter\CodeIgniter->runController(Object(App\Controllers\Home))
 4 SYSTEMPATH\CodeIgniter.php(351): CodeIgniter\CodeIgniter->handleRequest(null, Object(Config\Cache), false)
 5 FCPATH\index.php(67): CodeIgniter\CodeIgniter->run()
CRITICAL - 2022-12-20 21:06:41 --> Too few arguments to function App\Models\ModeloLogin::obtenerUsuario(), 1 passed in C:\xampp2\htdocs\biblioteca\app\Controllers\Home.php on line 28 and exactly 2 expected
in APPPATH\Models\ModeloLogin.php on line 13.
 1 APPPATH\Controllers\Home.php(28): App\Models\ModeloLogin->obtenerUsuario(true)
 2 SYSTEMPATH\CodeIgniter.php(927): App\Controllers\Home->login2()
 3 SYSTEMPATH\CodeIgniter.php(482): CodeIgniter\CodeIgniter->runController(Object(App\Controllers\Home))
 4 SYSTEMPATH\CodeIgniter.php(351): CodeIgniter\CodeIgniter->handleRequest(null, Object(Config\Cache), false)
 5 FCPATH\index.php(67): CodeIgniter\CodeIgniter->run()
CRITICAL - 2022-12-20 21:19:29 --> Class 'App\Filters\SessionAdmin' not found
in SYSTEMPATH\Filters\Filters.php on line 166.
 1 SYSTEMPATH\CodeIgniter.php(455): CodeIgniter\Filters\Filters->run('inicio', 'before')
 2 SYSTEMPATH\CodeIgniter.php(351): CodeIgniter\CodeIgniter->handleRequest(null, Object(Config\Cache), false)
 3 FCPATH\index.php(67): CodeIgniter\CodeIgniter->run()
CRITICAL - 2022-12-20 21:19:39 --> Class 'App\Filters\SessionAdmin' not found
in SYSTEMPATH\Filters\Filters.php on line 166.
 1 SYSTEMPATH\CodeIgniter.php(455): CodeIgniter\Filters\Filters->run('inicio', 'before')
 2 SYSTEMPATH\CodeIgniter.php(351): CodeIgniter\CodeIgniter->handleRequest(null, Object(Config\Cache), false)
 3 FCPATH\index.php(67): CodeIgniter\CodeIgniter->run()
CRITICAL - 2022-12-20 21:42:21 --> SessionSecre filter must have a matching alias defined.
in SYSTEMPATH\Filters\Filters.php on line 493.
 1 SYSTEMPATH\Filters\Filters.php(493): CodeIgniter\Filters\Exceptions\FilterException::forNoAlias('SessionSecre')
 2 SYSTEMPATH\Filters\Filters.php(243): CodeIgniter\Filters\Filters->processAliasesToClass('before')
 3 SYSTEMPATH\Filters\Filters.php(163): CodeIgniter\Filters\Filters->initialize('listarestudiante')
 4 SYSTEMPATH\CodeIgniter.php(455): CodeIgniter\Filters\Filters->run('listarEstudiante', 'before')
 5 SYSTEMPATH\CodeIgniter.php(351): CodeIgniter\CodeIgniter->handleRequest(null, Object(Config\Cache), false)
 6 FCPATH\index.php(67): CodeIgniter\CodeIgniter->run()
CRITICAL - 2022-12-20 21:43:21 --> SessionSecre filter must have a matching alias defined.
in SYSTEMPATH\Filters\Filters.php on line 493.
 1 SYSTEMPATH\Filters\Filters.php(493): CodeIgniter\Filters\Exceptions\FilterException::forNoAlias('SessionSecre')
 2 SYSTEMPATH\Filters\Filters.php(243): CodeIgniter\Filters\Filters->processAliasesToClass('before')
 3 SYSTEMPATH\Filters\Filters.php(163): CodeIgniter\Filters\Filters->initialize('listarestudiante')
 4 SYSTEMPATH\CodeIgniter.php(455): CodeIgniter\Filters\Filters->run('listarEstudiante', 'before')
 5 SYSTEMPATH\CodeIgniter.php(351): CodeIgniter\CodeIgniter->handleRequest(null, Object(Config\Cache), false)
 6 FCPATH\index.php(67): CodeIgniter\CodeIgniter->run()
CRITICAL - 2022-12-20 21:45:28 --> SessionSecre filter must have a matching alias defined.
in SYSTEMPATH\Filters\Filters.php on line 493.
 1 SYSTEMPATH\Filters\Filters.php(493): CodeIgniter\Filters\Exceptions\FilterException::forNoAlias('SessionSecre')
 2 SYSTEMPATH\Filters\Filters.php(243): CodeIgniter\Filters\Filters->processAliasesToClass('before')
 3 SYSTEMPATH\Filters\Filters.php(163): CodeIgniter\Filters\Filters->initialize('listarestudiante')
 4 SYSTEMPATH\CodeIgniter.php(455): CodeIgniter\Filters\Filters->run('listarEstudiante', 'before')
 5 SYSTEMPATH\CodeIgniter.php(351): CodeIgniter\CodeIgniter->handleRequest(null, Object(Config\Cache), false)
 6 FCPATH\index.php(67): CodeIgniter\CodeIgniter->run()
CRITICAL - 2022-12-20 21:46:06 --> SessionSecre filter must have a matching alias defined.
in SYSTEMPATH\Filters\Filters.php on line 493.
 1 SYSTEMPATH\Filters\Filters.php(493): CodeIgniter\Filters\Exceptions\FilterException::forNoAlias('SessionSecre')
 2 SYSTEMPATH\Filters\Filters.php(243): CodeIgniter\Filters\Filters->processAliasesToClass('before')
 3 SYSTEMPATH\Filters\Filters.php(163): CodeIgniter\Filters\Filters->initialize('listarestudiante')
 4 SYSTEMPATH\CodeIgniter.php(455): CodeIgniter\Filters\Filters->run('listarEstudiante', 'before')
 5 SYSTEMPATH\CodeIgniter.php(351): CodeIgniter\CodeIgniter->handleRequest(null, Object(Config\Cache), false)
 6 FCPATH\index.php(67): CodeIgniter\CodeIgniter->run()
CRITICAL - 2022-12-20 21:46:19 --> SessionSecre filter must have a matching alias defined.
in SYSTEMPATH\Filters\Filters.php on line 493.
 1 SYSTEMPATH\Filters\Filters.php(493): CodeIgniter\Filters\Exceptions\FilterException::forNoAlias('SessionSecre')
 2 SYSTEMPATH\Filters\Filters.php(243): CodeIgniter\Filters\Filters->processAliasesToClass('before')
 3 SYSTEMPATH\Filters\Filters.php(163): CodeIgniter\Filters\Filters->initialize('inicio')
 4 SYSTEMPATH\CodeIgniter.php(455): CodeIgniter\Filters\Filters->run('inicio', 'before')
 5 SYSTEMPATH\CodeIgniter.php(351): CodeIgniter\CodeIgniter->handleRequest(null, Object(Config\Cache), false)
 6 FCPATH\index.php(67): CodeIgniter\CodeIgniter->run()
CRITICAL - 2022-12-20 21:46:25 --> SessionSecre filter must have a matching alias defined.
in SYSTEMPATH\Filters\Filters.php on line 493.
 1 SYSTEMPATH\Filters\Filters.php(493): CodeIgniter\Filters\Exceptions\FilterException::forNoAlias('SessionSecre')
 2 SYSTEMPATH\Filters\Filters.php(243): CodeIgniter\Filters\Filters->processAliasesToClass('before')
 3 SYSTEMPATH\Filters\Filters.php(163): CodeIgniter\Filters\Filters->initialize('inicio')
 4 SYSTEMPATH\CodeIgniter.php(455): CodeIgniter\Filters\Filters->run('inicio', 'before')
 5 SYSTEMPATH\CodeIgniter.php(351): CodeIgniter\CodeIgniter->handleRequest(null, Object(Config\Cache), false)
 6 FCPATH\index.php(67): CodeIgniter\CodeIgniter->run()
CRITICAL - 2022-12-20 21:52:18 --> SessionSecre filter must have a matching alias defined.
in SYSTEMPATH\Filters\Filters.php on line 493.
 1 SYSTEMPATH\Filters\Filters.php(493): CodeIgniter\Filters\Exceptions\FilterException::forNoAlias('SessionSecre')
 2 SYSTEMPATH\Filters\Filters.php(243): CodeIgniter\Filters\Filters->processAliasesToClass('before')
 3 SYSTEMPATH\Filters\Filters.php(163): CodeIgniter\Filters\Filters->initialize('inicio')
 4 SYSTEMPATH\CodeIgniter.php(455): CodeIgniter\Filters\Filters->run('inicio', 'before')
 5 SYSTEMPATH\CodeIgniter.php(351): CodeIgniter\CodeIgniter->handleRequest(null, Object(Config\Cache), false)
 6 FCPATH\index.php(67): CodeIgniter\CodeIgniter->run()
CRITICAL - 2022-12-20 22:19:51 --> time() expects exactly 0 parameters, 1 given
in APPPATH\Views\templates\encabezado.php on line 82.
 1 [internal function]: CodeIgniter\Debug\Exceptions->errorHandler(2, 'time() expects exactly 0 parameters, 1 given', 'APPPATH\\Views\\templates\\encabezado.php', 82, [])
 2 APPPATH\Views\templates\encabezado.php(82): time('h,m,s')
 3 SYSTEMPATH\View\View.php(213): include('APPPATH\\Views\\templates\\encabezado.php')
 4 SYSTEMPATH\View\View.php(216): CodeIgniter\View\View->CodeIgniter\View\{closure}()
 5 SYSTEMPATH\Common.php(1134): CodeIgniter\View\View->render('/templates/encabezado.php', [], true)
 6 APPPATH\Controllers\controladorEstudiantes.php(20): view('/templates/encabezado.php')
 7 SYSTEMPATH\CodeIgniter.php(927): App\Controllers\ControladorEstudiantes->CrearEstudiante()
 8 SYSTEMPATH\CodeIgniter.php(482): CodeIgniter\CodeIgniter->runController(Object(App\Controllers\ControladorEstudiantes))
 9 SYSTEMPATH\CodeIgniter.php(351): CodeIgniter\CodeIgniter->handleRequest(null, Object(Config\Cache), false)
10 FCPATH\index.php(67): CodeIgniter\CodeIgniter->run()
CRITICAL - 2022-12-20 22:39:08 --> syntax error, unexpected ']', expecting ';' or ','
in APPPATH\Config\Filters.php on line 79.
 1 SYSTEMPATH\Autoloader\Autoloader.php(259): CodeIgniter\Autoloader\Autoloader->includeFile('APPPATH\\Config\\Filters.php')
 2 SYSTEMPATH\Autoloader\Autoloader.php(237): CodeIgniter\Autoloader\Autoloader->loadInNamespace('Config\\Filters')
 3 [internal function]: CodeIgniter\Autoloader\Autoloader->loadClass('Config\\Filters')
 4 [internal function]: spl_autoload_call('Config\\Filters')
 5 SYSTEMPATH\Config\Factories.php(155): class_exists('Config\\Filters')
 6 SYSTEMPATH\Config\Factories.php(125): CodeIgniter\Config\Factories::locateClass([...], 'Filters')
 7 SYSTEMPATH\Common.php(203): CodeIgniter\Config\Factories::__callStatic('config', [])
 8 SYSTEMPATH\Config\Services.php(283): config('Filters')
 9 SYSTEMPATH\Config\BaseService.php(253): CodeIgniter\Config\Services::filters(null, false)
10 SYSTEMPATH\Config\BaseService.php(194): CodeIgniter\Config\BaseService::__callStatic('filters', [...])
11 SYSTEMPATH\Config\Services.php(280): CodeIgniter\Config\BaseService::getSharedInstance('filters', null)
12 SYSTEMPATH\Config\BaseService.php(253): CodeIgniter\Config\Services::filters()
13 SYSTEMPATH\CodeIgniter.php(435): CodeIgniter\Config\BaseService::__callStatic('filters', [])
14 SYSTEMPATH\CodeIgniter.php(351): CodeIgniter\CodeIgniter->handleRequest(null, Object(Config\Cache), false)
15 FCPATH\index.php(67): CodeIgniter\CodeIgniter->run()
CRITICAL - 2022-12-20 22:39:10 --> syntax error, unexpected ']', expecting ';' or ','
in APPPATH\Config\Filters.php on line 79.
 1 SYSTEMPATH\Autoloader\Autoloader.php(259): CodeIgniter\Autoloader\Autoloader->includeFile('APPPATH\\Config\\Filters.php')
 2 SYSTEMPATH\Autoloader\Autoloader.php(237): CodeIgniter\Autoloader\Autoloader->loadInNamespace('Config\\Filters')
 3 [internal function]: CodeIgniter\Autoloader\Autoloader->loadClass('Config\\Filters')
 4 [internal function]: spl_autoload_call('Config\\Filters')
 5 SYSTEMPATH\Config\Factories.php(155): class_exists('Config\\Filters')
 6 SYSTEMPATH\Config\Factories.php(125): CodeIgniter\Config\Factories::locateClass([...], 'Filters')
 7 SYSTEMPATH\Common.php(203): CodeIgniter\Config\Factories::__callStatic('config', [])
 8 SYSTEMPATH\Config\Services.php(283): config('Filters')
 9 SYSTEMPATH\Config\BaseService.php(253): CodeIgniter\Config\Services::filters(null, false)
10 SYSTEMPATH\Config\BaseService.php(194): CodeIgniter\Config\BaseService::__callStatic('filters', [...])
11 SYSTEMPATH\Config\Services.php(280): CodeIgniter\Config\BaseService::getSharedInstance('filters', null)
12 SYSTEMPATH\Config\BaseService.php(253): CodeIgniter\Config\Services::filters()
13 SYSTEMPATH\CodeIgniter.php(435): CodeIgniter\Config\BaseService::__callStatic('filters', [])
14 SYSTEMPATH\CodeIgniter.php(351): CodeIgniter\CodeIgniter->handleRequest(null, Object(Config\Cache), false)
15 FCPATH\index.php(67): CodeIgniter\CodeIgniter->run()
CRITICAL - 2022-12-20 23:05:20 --> Undefined index: pass
in APPPATH\Models\ModeloLogin.php on line 31.
 1 APPPATH\Models\ModeloLogin.php(31): CodeIgniter\Debug\Exceptions->errorHandler(8, 'Undefined index: pass', 'APPPATH\\Models\\ModeloLogin.php', 31, [...])
 2 APPPATH\Controllers\Home.php(28): App\Models\ModeloLogin->obtenerUsuario([...])
 3 SYSTEMPATH\CodeIgniter.php(927): App\Controllers\Home->login2()
 4 SYSTEMPATH\CodeIgniter.php(482): CodeIgniter\CodeIgniter->runController(Object(App\Controllers\Home))
 5 SYSTEMPATH\CodeIgniter.php(351): CodeIgniter\CodeIgniter->handleRequest(null, Object(Config\Cache), false)
 6 FCPATH\index.php(67): CodeIgniter\CodeIgniter->run()
CRITICAL - 2022-12-20 23:06:50 --> Undefined index: pass
in APPPATH\Models\ModeloLogin.php on line 33.
 1 APPPATH\Models\ModeloLogin.php(33): CodeIgniter\Debug\Exceptions->errorHandler(8, 'Undefined index: pass', 'APPPATH\\Models\\ModeloLogin.php', 33, [...])
 2 APPPATH\Controllers\Home.php(28): App\Models\ModeloLogin->obtenerUsuario([...])
 3 SYSTEMPATH\CodeIgniter.php(927): App\Controllers\Home->login2()
 4 SYSTEMPATH\CodeIgniter.php(482): CodeIgniter\CodeIgniter->runController(Object(App\Controllers\Home))
 5 SYSTEMPATH\CodeIgniter.php(351): CodeIgniter\CodeIgniter->handleRequest(null, Object(Config\Cache), false)
 6 FCPATH\index.php(67): CodeIgniter\CodeIgniter->run()
CRITICAL - 2022-12-20 23:07:35 --> Undefined index: pass
in APPPATH\Models\ModeloLogin.php on line 33.
 1 APPPATH\Models\ModeloLogin.php(33): CodeIgniter\Debug\Exceptions->errorHandler(8, 'Undefined index: pass', 'APPPATH\\Models\\ModeloLogin.php', 33, [...])
 2 APPPATH\Controllers\Home.php(28): App\Models\ModeloLogin->obtenerUsuario([...])
 3 SYSTEMPATH\CodeIgniter.php(927): App\Controllers\Home->login2()
 4 SYSTEMPATH\CodeIgniter.php(482): CodeIgniter\CodeIgniter->runController(Object(App\Controllers\Home))
 5 SYSTEMPATH\CodeIgniter.php(351): CodeIgniter\CodeIgniter->handleRequest(null, Object(Config\Cache), false)
 6 FCPATH\index.php(67): CodeIgniter\CodeIgniter->run()
CRITICAL - 2022-12-20 23:08:14 --> Undefined index: pass
in APPPATH\Models\ModeloLogin.php on line 33.
 1 APPPATH\Models\ModeloLogin.php(33): CodeIgniter\Debug\Exceptions->errorHandler(8, 'Undefined index: pass', 'APPPATH\\Models\\ModeloLogin.php', 33, [...])
 2 APPPATH\Controllers\Home.php(28): App\Models\ModeloLogin->obtenerUsuario([...])
 3 SYSTEMPATH\CodeIgniter.php(927): App\Controllers\Home->login2()
 4 SYSTEMPATH\CodeIgniter.php(482): CodeIgniter\CodeIgniter->runController(Object(App\Controllers\Home))
 5 SYSTEMPATH\CodeIgniter.php(351): CodeIgniter\CodeIgniter->handleRequest(null, Object(Config\Cache), false)
 6 FCPATH\index.php(67): CodeIgniter\CodeIgniter->run()
CRITICAL - 2022-12-20 23:08:33 --> Undefined index: pass
in APPPATH\Models\ModeloLogin.php on line 34.
 1 APPPATH\Models\ModeloLogin.php(34): CodeIgniter\Debug\Exceptions->errorHandler(8, 'Undefined index: pass', 'APPPATH\\Models\\ModeloLogin.php', 34, [...])
 2 APPPATH\Controllers\Home.php(28): App\Models\ModeloLogin->obtenerUsuario([...])
 3 SYSTEMPATH\CodeIgniter.php(927): App\Controllers\Home->login2()
 4 SYSTEMPATH\CodeIgniter.php(482): CodeIgniter\CodeIgniter->runController(Object(App\Controllers\Home))
 5 SYSTEMPATH\CodeIgniter.php(351): CodeIgniter\CodeIgniter->handleRequest(null, Object(Config\Cache), false)
 6 FCPATH\index.php(67): CodeIgniter\CodeIgniter->run()
CRITICAL - 2022-12-20 23:08:44 --> Undefined offset: 0
in APPPATH\Controllers\Home.php on line 35.
 1 APPPATH\Controllers\Home.php(35): CodeIgniter\Debug\Exceptions->errorHandler(8, 'Undefined offset: 0', 'APPPATH\\Controllers\\Home.php', 35, [...])
 2 SYSTEMPATH\CodeIgniter.php(927): App\Controllers\Home->login2()
 3 SYSTEMPATH\CodeIgniter.php(482): CodeIgniter\CodeIgniter->runController(Object(App\Controllers\Home))
 4 SYSTEMPATH\CodeIgniter.php(351): CodeIgniter\CodeIgniter->handleRequest(null, Object(Config\Cache), false)
 5 FCPATH\index.php(67): CodeIgniter\CodeIgniter->run()
CRITICAL - 2022-12-20 23:09:23 --> Undefined offset: 0
in APPPATH\Controllers\Home.php on line 35.
 1 APPPATH\Controllers\Home.php(35): CodeIgniter\Debug\Exceptions->errorHandler(8, 'Undefined offset: 0', 'APPPATH\\Controllers\\Home.php', 35, [...])
 2 SYSTEMPATH\CodeIgniter.php(927): App\Controllers\Home->login2()
 3 SYSTEMPATH\CodeIgniter.php(482): CodeIgniter\CodeIgniter->runController(Object(App\Controllers\Home))
 4 SYSTEMPATH\CodeIgniter.php(351): CodeIgniter\CodeIgniter->handleRequest(null, Object(Config\Cache), false)
 5 FCPATH\index.php(67): CodeIgniter\CodeIgniter->run()
CRITICAL - 2022-12-20 23:14:50 --> count(): Parameter must be an array or an object that implements Countable
in APPPATH\Controllers\Home.php on line 31.
 1 [internal function]: CodeIgniter\Debug\Exceptions->errorHandler(2, 'count(): Parameter must be an array or an object that implements Countable', 'APPPATH\\Controllers\\Home.php', 31, [...])
 2 APPPATH\Controllers\Home.php(31): count(null)
 3 SYSTEMPATH\CodeIgniter.php(927): App\Controllers\Home->login2()
 4 SYSTEMPATH\CodeIgniter.php(482): CodeIgniter\CodeIgniter->runController(Object(App\Controllers\Home))
 5 SYSTEMPATH\CodeIgniter.php(351): CodeIgniter\CodeIgniter->handleRequest(null, Object(Config\Cache), false)
 6 FCPATH\index.php(67): CodeIgniter\CodeIgniter->run()
CRITICAL - 2022-12-20 23:14:51 --> count(): Parameter must be an array or an object that implements Countable
in APPPATH\Controllers\Home.php on line 31.
 1 [internal function]: CodeIgniter\Debug\Exceptions->errorHandler(2, 'count(): Parameter must be an array or an object that implements Countable', 'APPPATH\\Controllers\\Home.php', 31, [...])
 2 APPPATH\Controllers\Home.php(31): count(null)
 3 SYSTEMPATH\CodeIgniter.php(927): App\Controllers\Home->login2()
 4 SYSTEMPATH\CodeIgniter.php(482): CodeIgniter\CodeIgniter->runController(Object(App\Controllers\Home))
 5 SYSTEMPATH\CodeIgniter.php(351): CodeIgniter\CodeIgniter->handleRequest(null, Object(Config\Cache), false)
 6 FCPATH\index.php(67): CodeIgniter\CodeIgniter->run()
CRITICAL - 2022-12-20 23:14:53 --> count(): Parameter must be an array or an object that implements Countable
in APPPATH\Controllers\Home.php on line 31.
 1 [internal function]: CodeIgniter\Debug\Exceptions->errorHandler(2, 'count(): Parameter must be an array or an object that implements Countable', 'APPPATH\\Controllers\\Home.php', 31, [...])
 2 APPPATH\Controllers\Home.php(31): count(null)
 3 SYSTEMPATH\CodeIgniter.php(927): App\Controllers\Home->login2()
 4 SYSTEMPATH\CodeIgniter.php(482): CodeIgniter\CodeIgniter->runController(Object(App\Controllers\Home))
 5 SYSTEMPATH\CodeIgniter.php(351): CodeIgniter\CodeIgniter->handleRequest(null, Object(Config\Cache), false)
 6 FCPATH\index.php(67): CodeIgniter\CodeIgniter->run()
CRITICAL - 2022-12-20 23:14:53 --> count(): Parameter must be an array or an object that implements Countable
in APPPATH\Controllers\Home.php on line 31.
 1 [internal function]: CodeIgniter\Debug\Exceptions->errorHandler(2, 'count(): Parameter must be an array or an object that implements Countable', 'APPPATH\\Controllers\\Home.php', 31, [...])
 2 APPPATH\Controllers\Home.php(31): count(null)
 3 SYSTEMPATH\CodeIgniter.php(927): App\Controllers\Home->login2()
 4 SYSTEMPATH\CodeIgniter.php(482): CodeIgniter\CodeIgniter->runController(Object(App\Controllers\Home))
 5 SYSTEMPATH\CodeIgniter.php(351): CodeIgniter\CodeIgniter->handleRequest(null, Object(Config\Cache), false)
 6 FCPATH\index.php(67): CodeIgniter\CodeIgniter->run()
CRITICAL - 2022-12-20 23:14:55 --> count(): Parameter must be an array or an object that implements Countable
in APPPATH\Controllers\Home.php on line 31.
 1 [internal function]: CodeIgniter\Debug\Exceptions->errorHandler(2, 'count(): Parameter must be an array or an object that implements Countable', 'APPPATH\\Controllers\\Home.php', 31, [...])
 2 APPPATH\Controllers\Home.php(31): count(null)
 3 SYSTEMPATH\CodeIgniter.php(927): App\Controllers\Home->login2()
 4 SYSTEMPATH\CodeIgniter.php(482): CodeIgniter\CodeIgniter->runController(Object(App\Controllers\Home))
 5 SYSTEMPATH\CodeIgniter.php(351): CodeIgniter\CodeIgniter->handleRequest(null, Object(Config\Cache), false)
 6 FCPATH\index.php(67): CodeIgniter\CodeIgniter->run()
CRITICAL - 2022-12-20 23:16:19 --> count(): Parameter must be an array or an object that implements Countable
in APPPATH\Controllers\Home.php on line 31.
 1 [internal function]: CodeIgniter\Debug\Exceptions->errorHandler(2, 'count(): Parameter must be an array or an object that implements Countable', 'APPPATH\\Controllers\\Home.php', 31, [...])
 2 APPPATH\Controllers\Home.php(31): count(null)
 3 SYSTEMPATH\CodeIgniter.php(927): App\Controllers\Home->login2()
 4 SYSTEMPATH\CodeIgniter.php(482): CodeIgniter\CodeIgniter->runController(Object(App\Controllers\Home))
 5 SYSTEMPATH\CodeIgniter.php(351): CodeIgniter\CodeIgniter->handleRequest(null, Object(Config\Cache), false)
 6 FCPATH\index.php(67): CodeIgniter\CodeIgniter->run()
CRITICAL - 2022-12-20 23:18:38 --> Undefined index: users
in APPPATH\Models\ModeloLogin.php on line 42.
 1 APPPATH\Models\ModeloLogin.php(42): CodeIgniter\Debug\Exceptions->errorHandler(8, 'Undefined index: users', 'APPPATH\\Models\\ModeloLogin.php', 42, [...])
 2 APPPATH\Controllers\Home.php(28): App\Models\ModeloLogin->obtenerUsuario([...])
 3 SYSTEMPATH\CodeIgniter.php(927): App\Controllers\Home->login2()
 4 SYSTEMPATH\CodeIgniter.php(482): CodeIgniter\CodeIgniter->runController(Object(App\Controllers\Home))
 5 SYSTEMPATH\CodeIgniter.php(351): CodeIgniter\CodeIgniter->handleRequest(null, Object(Config\Cache), false)
 6 FCPATH\index.php(67): CodeIgniter\CodeIgniter->run()
CRITICAL - 2022-12-20 23:18:39 --> Undefined index: users
in APPPATH\Models\ModeloLogin.php on line 42.
 1 APPPATH\Models\ModeloLogin.php(42): CodeIgniter\Debug\Exceptions->errorHandler(8, 'Undefined index: users', 'APPPATH\\Models\\ModeloLogin.php', 42, [...])
 2 APPPATH\Controllers\Home.php(28): App\Models\ModeloLogin->obtenerUsuario([...])
 3 SYSTEMPATH\CodeIgniter.php(927): App\Controllers\Home->login2()
 4 SYSTEMPATH\CodeIgniter.php(482): CodeIgniter\CodeIgniter->runController(Object(App\Controllers\Home))
 5 SYSTEMPATH\CodeIgniter.php(351): CodeIgniter\CodeIgniter->handleRequest(null, Object(Config\Cache), false)
 6 FCPATH\index.php(67): CodeIgniter\CodeIgniter->run()
CRITICAL - 2022-12-20 23:18:39 --> Undefined index: users
in APPPATH\Models\ModeloLogin.php on line 42.
 1 APPPATH\Models\ModeloLogin.php(42): CodeIgniter\Debug\Exceptions->errorHandler(8, 'Undefined index: users', 'APPPATH\\Models\\ModeloLogin.php', 42, [...])
 2 APPPATH\Controllers\Home.php(28): App\Models\ModeloLogin->obtenerUsuario([...])
 3 SYSTEMPATH\CodeIgniter.php(927): App\Controllers\Home->login2()
 4 SYSTEMPATH\CodeIgniter.php(482): CodeIgniter\CodeIgniter->runController(Object(App\Controllers\Home))
 5 SYSTEMPATH\CodeIgniter.php(351): CodeIgniter\CodeIgniter->handleRequest(null, Object(Config\Cache), false)
 6 FCPATH\index.php(67): CodeIgniter\CodeIgniter->run()
CRITICAL - 2022-12-20 23:19:05 --> count(): Parameter must be an array or an object that implements Countable
in APPPATH\Controllers\Home.php on line 31.
 1 [internal function]: CodeIgniter\Debug\Exceptions->errorHandler(2, 'count(): Parameter must be an array or an object that implements Countable', 'APPPATH\\Controllers\\Home.php', 31, [...])
 2 APPPATH\Controllers\Home.php(31): count(null)
 3 SYSTEMPATH\CodeIgniter.php(927): App\Controllers\Home->login2()
 4 SYSTEMPATH\CodeIgniter.php(482): CodeIgniter\CodeIgniter->runController(Object(App\Controllers\Home))
 5 SYSTEMPATH\CodeIgniter.php(351): CodeIgniter\CodeIgniter->handleRequest(null, Object(Config\Cache), false)
 6 FCPATH\index.php(67): CodeIgniter\CodeIgniter->run()
CRITICAL - 2022-12-20 23:27:03 --> count(): Parameter must be an array or an object that implements Countable
in APPPATH\Controllers\Home.php on line 31.
 1 [internal function]: CodeIgniter\Debug\Exceptions->errorHandler(2, 'count(): Parameter must be an array or an object that implements Countable', 'APPPATH\\Controllers\\Home.php', 31, [...])
 2 APPPATH\Controllers\Home.php(31): count(null)
 3 SYSTEMPATH\CodeIgniter.php(927): App\Controllers\Home->login2()
 4 SYSTEMPATH\CodeIgniter.php(482): CodeIgniter\CodeIgniter->runController(Object(App\Controllers\Home))
 5 SYSTEMPATH\CodeIgniter.php(351): CodeIgniter\CodeIgniter->handleRequest(null, Object(Config\Cache), false)
 6 FCPATH\index.php(67): CodeIgniter\CodeIgniter->run()
CRITICAL - 2022-12-20 23:27:04 --> count(): Parameter must be an array or an object that implements Countable
in APPPATH\Controllers\Home.php on line 31.
 1 [internal function]: CodeIgniter\Debug\Exceptions->errorHandler(2, 'count(): Parameter must be an array or an object that implements Countable', 'APPPATH\\Controllers\\Home.php', 31, [...])
 2 APPPATH\Controllers\Home.php(31): count(null)
 3 SYSTEMPATH\CodeIgniter.php(927): App\Controllers\Home->login2()
 4 SYSTEMPATH\CodeIgniter.php(482): CodeIgniter\CodeIgniter->runController(Object(App\Controllers\Home))
 5 SYSTEMPATH\CodeIgniter.php(351): CodeIgniter\CodeIgniter->handleRequest(null, Object(Config\Cache), false)
 6 FCPATH\index.php(67): CodeIgniter\CodeIgniter->run()
CRITICAL - 2022-12-20 23:27:05 --> count(): Parameter must be an array or an object that implements Countable
in APPPATH\Controllers\Home.php on line 31.
 1 [internal function]: CodeIgniter\Debug\Exceptions->errorHandler(2, 'count(): Parameter must be an array or an object that implements Countable', 'APPPATH\\Controllers\\Home.php', 31, [...])
 2 APPPATH\Controllers\Home.php(31): count(null)
 3 SYSTEMPATH\CodeIgniter.php(927): App\Controllers\Home->login2()
 4 SYSTEMPATH\CodeIgniter.php(482): CodeIgniter\CodeIgniter->runController(Object(App\Controllers\Home))
 5 SYSTEMPATH\CodeIgniter.php(351): CodeIgniter\CodeIgniter->handleRequest(null, Object(Config\Cache), false)
 6 FCPATH\index.php(67): CodeIgniter\CodeIgniter->run()
CRITICAL - 2022-12-20 23:27:14 --> count(): Parameter must be an array or an object that implements Countable
in APPPATH\Controllers\Home.php on line 31.
 1 [internal function]: CodeIgniter\Debug\Exceptions->errorHandler(2, 'count(): Parameter must be an array or an object that implements Countable', 'APPPATH\\Controllers\\Home.php', 31, [...])
 2 APPPATH\Controllers\Home.php(31): count(null)
 3 SYSTEMPATH\CodeIgniter.php(927): App\Controllers\Home->login2()
 4 SYSTEMPATH\CodeIgniter.php(482): CodeIgniter\CodeIgniter->runController(Object(App\Controllers\Home))
 5 SYSTEMPATH\CodeIgniter.php(351): CodeIgniter\CodeIgniter->handleRequest(null, Object(Config\Cache), false)
 6 FCPATH\index.php(67): CodeIgniter\CodeIgniter->run()
CRITICAL - 2022-12-20 23:27:15 --> count(): Parameter must be an array or an object that implements Countable
in APPPATH\Controllers\Home.php on line 31.
 1 [internal function]: CodeIgniter\Debug\Exceptions->errorHandler(2, 'count(): Parameter must be an array or an object that implements Countable', 'APPPATH\\Controllers\\Home.php', 31, [...])
 2 APPPATH\Controllers\Home.php(31): count(null)
 3 SYSTEMPATH\CodeIgniter.php(927): App\Controllers\Home->login2()
 4 SYSTEMPATH\CodeIgniter.php(482): CodeIgniter\CodeIgniter->runController(Object(App\Controllers\Home))
 5 SYSTEMPATH\CodeIgniter.php(351): CodeIgniter\CodeIgniter->handleRequest(null, Object(Config\Cache), false)
 6 FCPATH\index.php(67): CodeIgniter\CodeIgniter->run()
CRITICAL - 2022-12-20 23:27:15 --> count(): Parameter must be an array or an object that implements Countable
in APPPATH\Controllers\Home.php on line 31.
 1 [internal function]: CodeIgniter\Debug\Exceptions->errorHandler(2, 'count(): Parameter must be an array or an object that implements Countable', 'APPPATH\\Controllers\\Home.php', 31, [...])
 2 APPPATH\Controllers\Home.php(31): count(null)
 3 SYSTEMPATH\CodeIgniter.php(927): App\Controllers\Home->login2()
 4 SYSTEMPATH\CodeIgniter.php(482): CodeIgniter\CodeIgniter->runController(Object(App\Controllers\Home))
 5 SYSTEMPATH\CodeIgniter.php(351): CodeIgniter\CodeIgniter->handleRequest(null, Object(Config\Cache), false)
 6 FCPATH\index.php(67): CodeIgniter\CodeIgniter->run()
CRITICAL - 2022-12-20 23:27:24 --> count(): Parameter must be an array or an object that implements Countable
in APPPATH\Controllers\Home.php on line 31.
 1 [internal function]: CodeIgniter\Debug\Exceptions->errorHandler(2, 'count(): Parameter must be an array or an object that implements Countable', 'APPPATH\\Controllers\\Home.php', 31, [...])
 2 APPPATH\Controllers\Home.php(31): count(null)
 3 SYSTEMPATH\CodeIgniter.php(927): App\Controllers\Home->login2()
 4 SYSTEMPATH\CodeIgniter.php(482): CodeIgniter\CodeIgniter->runController(Object(App\Controllers\Home))
 5 SYSTEMPATH\CodeIgniter.php(351): CodeIgniter\CodeIgniter->handleRequest(null, Object(Config\Cache), false)
 6 FCPATH\index.php(67): CodeIgniter\CodeIgniter->run()
CRITICAL - 2022-12-20 23:27:32 --> count(): Parameter must be an array or an object that implements Countable
in APPPATH\Controllers\Home.php on line 31.
 1 [internal function]: CodeIgniter\Debug\Exceptions->errorHandler(2, 'count(): Parameter must be an array or an object that implements Countable', 'APPPATH\\Controllers\\Home.php', 31, [...])
 2 APPPATH\Controllers\Home.php(31): count(null)
 3 SYSTEMPATH\CodeIgniter.php(927): App\Controllers\Home->login2()
 4 SYSTEMPATH\CodeIgniter.php(482): CodeIgniter\CodeIgniter->runController(Object(App\Controllers\Home))
 5 SYSTEMPATH\CodeIgniter.php(351): CodeIgniter\CodeIgniter->handleRequest(null, Object(Config\Cache), false)
 6 FCPATH\index.php(67): CodeIgniter\CodeIgniter->run()
