CRITICAL - 2022-12-16 07:38:49 --> Invalid file: listarLibros1.php
in SYSTEMPATH\Exceptions\FrameworkException.php on line 33.
 1 SYSTEMPATH\View\View.php(201): CodeIgniter\Exceptions\FrameworkException::forInvalidFile('listarLibros1.php')
 2 SYSTEMPATH\Common.php(1134): CodeIgniter\View\View->render('listarLibros1', [], true)
 3 APPPATH\Controllers\ControladorLibros.php(11): view('listarLibros1')
 4 SYSTEMPATH\CodeIgniter.php(927): App\Controllers\ControladorLibros->listarLibros()
 5 SYSTEMPATH\CodeIgniter.php(482): CodeIgniter\CodeIgniter->runController(Object(App\Controllers\ControladorLibros))
 6 SYSTEMPATH\CodeIgniter.php(351): CodeIgniter\CodeIgniter->handleRequest(null, Object(Config\Cache), false)
 7 FCPATH\index.php(67): CodeIgniter\CodeIgniter->run()
CRITICAL - 2022-12-16 07:39:01 --> Invalid file: listarLibros0.php
in SYSTEMPATH\Exceptions\FrameworkException.php on line 33.
 1 SYSTEMPATH\View\View.php(201): CodeIgniter\Exceptions\FrameworkException::forInvalidFile('listarLibros0.php')
 2 SYSTEMPATH\Common.php(1134): CodeIgniter\View\View->render('listarLibros0', [], true)
 3 APPPATH\Controllers\ControladorLibros.php(11): view('listarLibros0')
 4 SYSTEMPATH\CodeIgniter.php(927): App\Controllers\ControladorLibros->listarLibros()
 5 SYSTEMPATH\CodeIgniter.php(482): CodeIgniter\CodeIgniter->runController(Object(App\Controllers\ControladorLibros))
 6 SYSTEMPATH\CodeIgniter.php(351): CodeIgniter\CodeIgniter->handleRequest(null, Object(Config\Cache), false)
 7 FCPATH\index.php(67): CodeIgniter\CodeIgniter->run()
CRITICAL - 2022-12-16 07:39:13 --> Invalid file: listarLibros1.php
in SYSTEMPATH\Exceptions\FrameworkException.php on line 33.
 1 SYSTEMPATH\View\View.php(201): CodeIgniter\Exceptions\FrameworkException::forInvalidFile('listarLibros1.php')
 2 SYSTEMPATH\Common.php(1134): CodeIgniter\View\View->render('listarLibros1', [], true)
 3 APPPATH\Controllers\ControladorLibros.php(11): view('listarLibros1')
 4 SYSTEMPATH\CodeIgniter.php(927): App\Controllers\ControladorLibros->listarLibros()
 5 SYSTEMPATH\CodeIgniter.php(482): CodeIgniter\CodeIgniter->runController(Object(App\Controllers\ControladorLibros))
 6 SYSTEMPATH\CodeIgniter.php(351): CodeIgniter\CodeIgniter->handleRequest(null, Object(Config\Cache), false)
 7 FCPATH\index.php(67): CodeIgniter\CodeIgniter->run()
CRITICAL - 2022-12-16 07:39:28 --> Invalid file: listarLibros1.php
in SYSTEMPATH\Exceptions\FrameworkException.php on line 33.
 1 SYSTEMPATH\View\View.php(201): CodeIgniter\Exceptions\FrameworkException::forInvalidFile('listarLibros1.php')
 2 SYSTEMPATH\Common.php(1134): CodeIgniter\View\View->render('listarLibros1', [], true)
 3 APPPATH\Controllers\ControladorLibros.php(11): view('listarLibros1')
 4 SYSTEMPATH\CodeIgniter.php(927): App\Controllers\ControladorLibros->listarLibros()
 5 SYSTEMPATH\CodeIgniter.php(482): CodeIgniter\CodeIgniter->runController(Object(App\Controllers\ControladorLibros))
 6 SYSTEMPATH\CodeIgniter.php(351): CodeIgniter\CodeIgniter->handleRequest(null, Object(Config\Cache), false)
 7 FCPATH\index.php(67): CodeIgniter\CodeIgniter->run()
CRITICAL - 2022-12-16 07:39:43 --> Invalid file: listarLibros1.php
in SYSTEMPATH\Exceptions\FrameworkException.php on line 33.
 1 SYSTEMPATH\View\View.php(201): CodeIgniter\Exceptions\FrameworkException::forInvalidFile('listarLibros1.php')
 2 SYSTEMPATH\Common.php(1134): CodeIgniter\View\View->render('listarLibros1', [], true)
 3 APPPATH\Controllers\ControladorLibros.php(11): view('listarLibros1')
 4 SYSTEMPATH\CodeIgniter.php(927): App\Controllers\ControladorLibros->listarLibros()
 5 SYSTEMPATH\CodeIgniter.php(482): CodeIgniter\CodeIgniter->runController(Object(App\Controllers\ControladorLibros))
 6 SYSTEMPATH\CodeIgniter.php(351): CodeIgniter\CodeIgniter->handleRequest(null, Object(Config\Cache), false)
 7 FCPATH\index.php(67): CodeIgniter\CodeIgniter->run()
CRITICAL - 2022-12-16 07:45:32 --> Invalid argument supplied for foreach()
in APPPATH\Views\libros\listarLibros.php on line 30.
 1 APPPATH\Views\libros\listarLibros.php(30): CodeIgniter\Debug\Exceptions->errorHandler(2, 'Invalid argument supplied for foreach()', 'APPPATH\\Views\\libros\\listarLibros.php', 30, [])
 2 SYSTEMPATH\View\View.php(213): include('APPPATH\\Views\\libros\\listarLibros.php')
 3 SYSTEMPATH\View\View.php(216): CodeIgniter\View\View->CodeIgniter\View\{closure}()
 4 SYSTEMPATH\Common.php(1134): CodeIgniter\View\View->render('/libros/listarLibros', [], true)
 5 APPPATH\Controllers\ControladorLibros.php(11): view('/libros/listarLibros')
 6 SYSTEMPATH\CodeIgniter.php(927): App\Controllers\ControladorLibros->listarLibros()
 7 SYSTEMPATH\CodeIgniter.php(482): CodeIgniter\CodeIgniter->runController(Object(App\Controllers\ControladorLibros))
 8 SYSTEMPATH\CodeIgniter.php(351): CodeIgniter\CodeIgniter->handleRequest(null, Object(Config\Cache), false)
 9 FCPATH\index.php(67): CodeIgniter\CodeIgniter->run()
CRITICAL - 2022-12-16 08:41:38 --> Invalid argument supplied for foreach()
in APPPATH\Views\libros\listarLibros.php on line 23.
 1 APPPATH\Views\libros\listarLibros.php(23): CodeIgniter\Debug\Exceptions->errorHandler(2, 'Invalid argument supplied for foreach()', 'APPPATH\\Views\\libros\\listarLibros.php', 23, [...])
 2 SYSTEMPATH\View\View.php(213): include('APPPATH\\Views\\libros\\listarLibros.php')
 3 SYSTEMPATH\View\View.php(216): CodeIgniter\View\View->CodeIgniter\View\{closure}()
 4 SYSTEMPATH\Common.php(1134): CodeIgniter\View\View->render('/libros/listarLibros', [], true)
 5 APPPATH\Controllers\ControladorLibros.php(17): view('/libros/listarLibros', [...])
 6 SYSTEMPATH\CodeIgniter.php(927): App\Controllers\ControladorLibros->listarLibros()
 7 SYSTEMPATH\CodeIgniter.php(482): CodeIgniter\CodeIgniter->runController(Object(App\Controllers\ControladorLibros))
 8 SYSTEMPATH\CodeIgniter.php(351): CodeIgniter\CodeIgniter->handleRequest(null, Object(Config\Cache), false)
 9 FCPATH\index.php(67): CodeIgniter\CodeIgniter->run()
CRITICAL - 2022-12-16 08:41:59 --> Invalid argument supplied for foreach()
in APPPATH\Views\libros\listarLibros.php on line 23.
 1 APPPATH\Views\libros\listarLibros.php(23): CodeIgniter\Debug\Exceptions->errorHandler(2, 'Invalid argument supplied for foreach()', 'APPPATH\\Views\\libros\\listarLibros.php', 23, [...])
 2 SYSTEMPATH\View\View.php(213): include('APPPATH\\Views\\libros\\listarLibros.php')
 3 SYSTEMPATH\View\View.php(216): CodeIgniter\View\View->CodeIgniter\View\{closure}()
 4 SYSTEMPATH\Common.php(1134): CodeIgniter\View\View->render('/libros/listarLibros', [], true)
 5 APPPATH\Controllers\ControladorLibros.php(17): view('/libros/listarLibros', [...])
 6 SYSTEMPATH\CodeIgniter.php(927): App\Controllers\ControladorLibros->listarLibros()
 7 SYSTEMPATH\CodeIgniter.php(482): CodeIgniter\CodeIgniter->runController(Object(App\Controllers\ControladorLibros))
 8 SYSTEMPATH\CodeIgniter.php(351): CodeIgniter\CodeIgniter->handleRequest(null, Object(Config\Cache), false)
 9 FCPATH\index.php(67): CodeIgniter\CodeIgniter->run()
CRITICAL - 2022-12-16 08:43:55 --> Invalid argument supplied for foreach()
in APPPATH\Views\libros\listarLibros.php on line 23.
 1 APPPATH\Views\libros\listarLibros.php(23): CodeIgniter\Debug\Exceptions->errorHandler(2, 'Invalid argument supplied for foreach()', 'APPPATH\\Views\\libros\\listarLibros.php', 23, [...])
 2 SYSTEMPATH\View\View.php(213): include('APPPATH\\Views\\libros\\listarLibros.php')
 3 SYSTEMPATH\View\View.php(216): CodeIgniter\View\View->CodeIgniter\View\{closure}()
 4 SYSTEMPATH\Common.php(1134): CodeIgniter\View\View->render('/libros/listarLibros', [], true)
 5 APPPATH\Controllers\ControladorLibros.php(17): view('/libros/listarLibros', [...])
 6 SYSTEMPATH\CodeIgniter.php(927): App\Controllers\ControladorLibros->listarLibros()
 7 SYSTEMPATH\CodeIgniter.php(482): CodeIgniter\CodeIgniter->runController(Object(App\Controllers\ControladorLibros))
 8 SYSTEMPATH\CodeIgniter.php(351): CodeIgniter\CodeIgniter->handleRequest(null, Object(Config\Cache), false)
 9 FCPATH\index.php(67): CodeIgniter\CodeIgniter->run()
CRITICAL - 2022-12-16 08:44:15 --> Invalid argument supplied for foreach()
in APPPATH\Views\libros\listarLibros.php on line 23.
 1 APPPATH\Views\libros\listarLibros.php(23): CodeIgniter\Debug\Exceptions->errorHandler(2, 'Invalid argument supplied for foreach()', 'APPPATH\\Views\\libros\\listarLibros.php', 23, [...])
 2 SYSTEMPATH\View\View.php(213): include('APPPATH\\Views\\libros\\listarLibros.php')
 3 SYSTEMPATH\View\View.php(216): CodeIgniter\View\View->CodeIgniter\View\{closure}()
 4 SYSTEMPATH\Common.php(1134): CodeIgniter\View\View->render('/libros/listarLibros', [], true)
 5 APPPATH\Controllers\ControladorLibros.php(17): view('/libros/listarLibros', [...])
 6 SYSTEMPATH\CodeIgniter.php(927): App\Controllers\ControladorLibros->listarLibros()
 7 SYSTEMPATH\CodeIgniter.php(482): CodeIgniter\CodeIgniter->runController(Object(App\Controllers\ControladorLibros))
 8 SYSTEMPATH\CodeIgniter.php(351): CodeIgniter\CodeIgniter->handleRequest(null, Object(Config\Cache), false)
 9 FCPATH\index.php(67): CodeIgniter\CodeIgniter->run()
CRITICAL - 2022-12-16 08:45:06 --> Invalid argument supplied for foreach()
in APPPATH\Views\libros\listarLibros.php on line 23.
 1 APPPATH\Views\libros\listarLibros.php(23): CodeIgniter\Debug\Exceptions->errorHandler(2, 'Invalid argument supplied for foreach()', 'APPPATH\\Views\\libros\\listarLibros.php', 23, [...])
 2 SYSTEMPATH\View\View.php(213): include('APPPATH\\Views\\libros\\listarLibros.php')
 3 SYSTEMPATH\View\View.php(216): CodeIgniter\View\View->CodeIgniter\View\{closure}()
 4 SYSTEMPATH\Common.php(1134): CodeIgniter\View\View->render('/libros/listarLibros', [], true)
 5 APPPATH\Controllers\ControladorLibros.php(17): view('/libros/listarLibros', [...])
 6 SYSTEMPATH\CodeIgniter.php(927): App\Controllers\ControladorLibros->listarLibros()
 7 SYSTEMPATH\CodeIgniter.php(482): CodeIgniter\CodeIgniter->runController(Object(App\Controllers\ControladorLibros))
 8 SYSTEMPATH\CodeIgniter.php(351): CodeIgniter\CodeIgniter->handleRequest(null, Object(Config\Cache), false)
 9 FCPATH\index.php(67): CodeIgniter\CodeIgniter->run()
CRITICAL - 2022-12-16 08:46:56 --> Invalid argument supplied for foreach()
in APPPATH\Views\libros\listarLibros.php on line 23.
 1 APPPATH\Views\libros\listarLibros.php(23): CodeIgniter\Debug\Exceptions->errorHandler(2, 'Invalid argument supplied for foreach()', 'APPPATH\\Views\\libros\\listarLibros.php', 23, [...])
 2 SYSTEMPATH\View\View.php(213): include('APPPATH\\Views\\libros\\listarLibros.php')
 3 SYSTEMPATH\View\View.php(216): CodeIgniter\View\View->CodeIgniter\View\{closure}()
 4 SYSTEMPATH\Common.php(1134): CodeIgniter\View\View->render('/libros/listarLibros', [], true)
 5 APPPATH\Controllers\ControladorLibros.php(17): view('/libros/listarLibros', [...])
 6 SYSTEMPATH\CodeIgniter.php(927): App\Controllers\ControladorLibros->listarLibros()
 7 SYSTEMPATH\CodeIgniter.php(482): CodeIgniter\CodeIgniter->runController(Object(App\Controllers\ControladorLibros))
 8 SYSTEMPATH\CodeIgniter.php(351): CodeIgniter\CodeIgniter->handleRequest(null, Object(Config\Cache), false)
 9 FCPATH\index.php(67): CodeIgniter\CodeIgniter->run()
CRITICAL - 2022-12-16 08:47:20 --> Invalid argument supplied for foreach()
in APPPATH\Views\libros\listarLibros.php on line 23.
 1 APPPATH\Views\libros\listarLibros.php(23): CodeIgniter\Debug\Exceptions->errorHandler(2, 'Invalid argument supplied for foreach()', 'APPPATH\\Views\\libros\\listarLibros.php', 23, [...])
 2 SYSTEMPATH\View\View.php(213): include('APPPATH\\Views\\libros\\listarLibros.php')
 3 SYSTEMPATH\View\View.php(216): CodeIgniter\View\View->CodeIgniter\View\{closure}()
 4 SYSTEMPATH\Common.php(1134): CodeIgniter\View\View->render('/libros/listarLibros', [], true)
 5 APPPATH\Controllers\ControladorLibros.php(17): view('/libros/listarLibros', [...])
 6 SYSTEMPATH\CodeIgniter.php(927): App\Controllers\ControladorLibros->listarLibros()
 7 SYSTEMPATH\CodeIgniter.php(482): CodeIgniter\CodeIgniter->runController(Object(App\Controllers\ControladorLibros))
 8 SYSTEMPATH\CodeIgniter.php(351): CodeIgniter\CodeIgniter->handleRequest(null, Object(Config\Cache), false)
 9 FCPATH\index.php(67): CodeIgniter\CodeIgniter->run()
