CRITICAL - 2022-12-17 11:35:59 --> mysqli_fetch_array() expects parameter 1 to be mysqli_result, null given
in APPPATH\Views\libros\listarEstudiantes.php on line 29.
 1 [internal function]: CodeIgniter\Debug\Exceptions->errorHandler(2, 'mysqli_fetch_array() expects parameter 1 to be mysqli_result, null given', 'APPPATH\\Views\\libros\\listarEstudiantes.php', 29, [...])
 2 APPPATH\Views\libros\listarEstudiantes.php(29): mysqli_fetch_array(null)
 3 SYSTEMPATH\View\View.php(213): include('APPPATH\\Views\\libros\\listarEstudiantes.php')
 4 SYSTEMPATH\View\View.php(216): CodeIgniter\View\View->CodeIgniter\View\{closure}()
 5 SYSTEMPATH\Common.php(1134): CodeIgniter\View\View->render('/libros/listarEstudiantes', [], true)
 6 APPPATH\Controllers\ControladorLibros.php(49): view('/libros/listarEstudiantes', [...])
 7 SYSTEMPATH\CodeIgniter.php(927): App\Controllers\ControladorLibros->listarEstudiantes()
 8 SYSTEMPATH\CodeIgniter.php(482): CodeIgniter\CodeIgniter->runController(Object(App\Controllers\ControladorLibros))
 9 SYSTEMPATH\CodeIgniter.php(351): CodeIgniter\CodeIgniter->handleRequest(null, Object(Config\Cache), false)
10 FCPATH\index.php(67): CodeIgniter\CodeIgniter->run()
CRITICAL - 2022-12-17 11:37:07 --> Invalid argument supplied for foreach()
in APPPATH\Views\libros\listarEstudiantes.php on line 28.
 1 APPPATH\Views\libros\listarEstudiantes.php(28): CodeIgniter\Debug\Exceptions->errorHandler(2, 'Invalid argument supplied for foreach()', 'APPPATH\\Views\\libros\\listarEstudiantes.php', 28, [...])
 2 SYSTEMPATH\View\View.php(213): include('APPPATH\\Views\\libros\\listarEstudiantes.php')
 3 SYSTEMPATH\View\View.php(216): CodeIgniter\View\View->CodeIgniter\View\{closure}()
 4 SYSTEMPATH\Common.php(1134): CodeIgniter\View\View->render('/libros/listarEstudiantes', [], true)
 5 APPPATH\Controllers\ControladorLibros.php(49): view('/libros/listarEstudiantes', [...])
 6 SYSTEMPATH\CodeIgniter.php(927): App\Controllers\ControladorLibros->listarEstudiantes()
 7 SYSTEMPATH\CodeIgniter.php(482): CodeIgniter\CodeIgniter->runController(Object(App\Controllers\ControladorLibros))
 8 SYSTEMPATH\CodeIgniter.php(351): CodeIgniter\CodeIgniter->handleRequest(null, Object(Config\Cache), false)
 9 FCPATH\index.php(67): CodeIgniter\CodeIgniter->run()
CRITICAL - 2022-12-17 12:02:51 --> Invalid argument supplied for foreach()
in APPPATH\Views\libros\listarEstudiantes.php on line 28.
 1 APPPATH\Views\libros\listarEstudiantes.php(28): CodeIgniter\Debug\Exceptions->errorHandler(2, 'Invalid argument supplied for foreach()', 'APPPATH\\Views\\libros\\listarEstudiantes.php', 28, [...])
 2 SYSTEMPATH\View\View.php(213): include('APPPATH\\Views\\libros\\listarEstudiantes.php')
 3 SYSTEMPATH\View\View.php(216): CodeIgniter\View\View->CodeIgniter\View\{closure}()
 4 SYSTEMPATH\Common.php(1134): CodeIgniter\View\View->render('/libros/listarEstudiantes', [], true)
 5 APPPATH\Controllers\ControladorLibros.php(55): view('/libros/listarEstudiantes', [...])
 6 SYSTEMPATH\CodeIgniter.php(927): App\Controllers\ControladorLibros->listarEstudiantes()
 7 SYSTEMPATH\CodeIgniter.php(482): CodeIgniter\CodeIgniter->runController(Object(App\Controllers\ControladorLibros))
 8 SYSTEMPATH\CodeIgniter.php(351): CodeIgniter\CodeIgniter->handleRequest(null, Object(Config\Cache), false)
 9 FCPATH\index.php(67): CodeIgniter\CodeIgniter->run()
CRITICAL - 2022-12-17 13:19:31 --> Invalid argument supplied for foreach()
in APPPATH\Views\libros\relaciones.php on line 23.
 1 APPPATH\Views\libros\relaciones.php(23): CodeIgniter\Debug\Exceptions->errorHandler(2, 'Invalid argument supplied for foreach()', 'APPPATH\\Views\\libros\\relaciones.php', 23, [...])
 2 SYSTEMPATH\View\View.php(213): include('APPPATH\\Views\\libros\\relaciones.php')
 3 SYSTEMPATH\View\View.php(216): CodeIgniter\View\View->CodeIgniter\View\{closure}()
 4 SYSTEMPATH\Common.php(1134): CodeIgniter\View\View->render('/libros/relaciones', [], true)
 5 APPPATH\Controllers\ControladorLibros.php(73): view('/libros/relaciones', [...])
 6 SYSTEMPATH\CodeIgniter.php(927): App\Controllers\ControladorLibros->relaciones()
 7 SYSTEMPATH\CodeIgniter.php(482): CodeIgniter\CodeIgniter->runController(Object(App\Controllers\ControladorLibros))
 8 SYSTEMPATH\CodeIgniter.php(351): CodeIgniter\CodeIgniter->handleRequest(null, Object(Config\Cache), false)
 9 FCPATH\index.php(67): CodeIgniter\CodeIgniter->run()
CRITICAL - 2022-12-17 20:59:45 --> Invalid file: crearEstudiantes.php
in SYSTEMPATH\Exceptions\FrameworkException.php on line 33.
 1 SYSTEMPATH\View\View.php(201): CodeIgniter\Exceptions\FrameworkException::forInvalidFile('crearEstudiantes.php')
 2 SYSTEMPATH\Common.php(1134): CodeIgniter\View\View->render('crearEstudiantes', [], true)
 3 APPPATH\Controllers\ControladorLibros.php(72): view('crearEstudiantes', [...])
 4 SYSTEMPATH\CodeIgniter.php(927): App\Controllers\ControladorLibros->crearEstudiantes()
 5 SYSTEMPATH\CodeIgniter.php(482): CodeIgniter\CodeIgniter->runController(Object(App\Controllers\ControladorLibros))
 6 SYSTEMPATH\CodeIgniter.php(351): CodeIgniter\CodeIgniter->handleRequest(null, Object(Config\Cache), false)
 7 FCPATH\index.php(67): CodeIgniter\CodeIgniter->run()
CRITICAL - 2022-12-17 20:59:54 --> Invalid file: crearEstudiantes.php
in SYSTEMPATH\Exceptions\FrameworkException.php on line 33.
 1 SYSTEMPATH\View\View.php(201): CodeIgniter\Exceptions\FrameworkException::forInvalidFile('crearEstudiantes.php')
 2 SYSTEMPATH\Common.php(1134): CodeIgniter\View\View->render('crearEstudiantes', [], true)
 3 APPPATH\Controllers\ControladorLibros.php(72): view('crearEstudiantes', [...])
 4 SYSTEMPATH\CodeIgniter.php(927): App\Controllers\ControladorLibros->crearEstudiantes()
 5 SYSTEMPATH\CodeIgniter.php(482): CodeIgniter\CodeIgniter->runController(Object(App\Controllers\ControladorLibros))
 6 SYSTEMPATH\CodeIgniter.php(351): CodeIgniter\CodeIgniter->handleRequest(null, Object(Config\Cache), false)
 7 FCPATH\index.php(67): CodeIgniter\CodeIgniter->run()
CRITICAL - 2022-12-17 21:05:16 --> Invalid file: crearEstudiantes.php
in SYSTEMPATH\Exceptions\FrameworkException.php on line 33.
 1 SYSTEMPATH\View\View.php(201): CodeIgniter\Exceptions\FrameworkException::forInvalidFile('crearEstudiantes.php')
 2 SYSTEMPATH\Common.php(1134): CodeIgniter\View\View->render('crearEstudiantes', [], true)
 3 APPPATH\Controllers\ControladorLibros.php(71): view('crearEstudiantes', [...])
 4 SYSTEMPATH\CodeIgniter.php(927): App\Controllers\ControladorLibros->crearEstudiantes()
 5 SYSTEMPATH\CodeIgniter.php(482): CodeIgniter\CodeIgniter->runController(Object(App\Controllers\ControladorLibros))
 6 SYSTEMPATH\CodeIgniter.php(351): CodeIgniter\CodeIgniter->handleRequest(null, Object(Config\Cache), false)
 7 FCPATH\index.php(67): CodeIgniter\CodeIgniter->run()
