CRITICAL - 2022-12-21 07:12:07 --> file_get_contents(): SSL operation failed with code 1. OpenSSL Error messages:
error:1416F086:SSL routines:tls_process_server_certificate:certificate verify failed
in APPPATH\Controllers\ControladorSesiones.php on line 46.
 1 [internal function]: CodeIgniter\Debug\Exceptions->errorHandler(2, 'file_get_contents(): SSL operation failed with code 1. OpenSSL Error messages:
error:1416F086:SSL routines:tls_process_server_certificate:certificate verify failed', 'APPPATH\\Controllers\\ControladorSesiones.php', 46, [...])
 2 APPPATH\Controllers\ControladorSesiones.php(46): file_get_contents('https://proyectomontesdeoca.000webhostapp.com/webs/API_LOGIN/servicios/api.php')
 3 SYSTEMPATH\CodeIgniter.php(927): App\Controllers\ControladorSesiones->apiUsuarios()
 4 SYSTEMPATH\CodeIgniter.php(482): CodeIgniter\CodeIgniter->runController(Object(App\Controllers\ControladorSesiones))
 5 SYSTEMPATH\CodeIgniter.php(351): CodeIgniter\CodeIgniter->handleRequest(null, Object(Config\Cache), false)
 6 FCPATH\index.php(67): CodeIgniter\CodeIgniter->run()
CRITICAL - 2022-12-21 07:34:48 --> file_get_contents(): SSL operation failed with code 1. OpenSSL Error messages:
error:1416F086:SSL routines:tls_process_server_certificate:certificate verify failed
in APPPATH\Controllers\ControladorSesiones.php on line 46.
 1 [internal function]: CodeIgniter\Debug\Exceptions->errorHandler(2, 'file_get_contents(): SSL operation failed with code 1. OpenSSL Error messages:
error:1416F086:SSL routines:tls_process_server_certificate:certificate verify failed', 'APPPATH\\Controllers\\ControladorSesiones.php', 46, [...])
 2 APPPATH\Controllers\ControladorSesiones.php(46): file_get_contents('https://proyectomontesdeoca.000webhostapp.com/webs/API_LOGIN/servicios/api.php')
 3 SYSTEMPATH\CodeIgniter.php(927): App\Controllers\ControladorSesiones->apiUsuarios()
 4 SYSTEMPATH\CodeIgniter.php(482): CodeIgniter\CodeIgniter->runController(Object(App\Controllers\ControladorSesiones))
 5 SYSTEMPATH\CodeIgniter.php(351): CodeIgniter\CodeIgniter->handleRequest(null, Object(Config\Cache), false)
 6 FCPATH\index.php(67): CodeIgniter\CodeIgniter->run()
CRITICAL - 2022-12-21 07:34:57 --> file_get_contents(): SSL operation failed with code 1. OpenSSL Error messages:
error:1416F086:SSL routines:tls_process_server_certificate:certificate verify failed
in APPPATH\Controllers\ControladorSesiones.php on line 46.
 1 [internal function]: CodeIgniter\Debug\Exceptions->errorHandler(2, 'file_get_contents(): SSL operation failed with code 1. OpenSSL Error messages:
error:1416F086:SSL routines:tls_process_server_certificate:certificate verify failed', 'APPPATH\\Controllers\\ControladorSesiones.php', 46, [...])
 2 APPPATH\Controllers\ControladorSesiones.php(46): file_get_contents('https://proyectomontesdeoca.000webhostapp.com/webs/API_LOGIN/servicios/api.php')
 3 SYSTEMPATH\CodeIgniter.php(927): App\Controllers\ControladorSesiones->apiUsuarios()
 4 SYSTEMPATH\CodeIgniter.php(482): CodeIgniter\CodeIgniter->runController(Object(App\Controllers\ControladorSesiones))
 5 SYSTEMPATH\CodeIgniter.php(351): CodeIgniter\CodeIgniter->handleRequest(null, Object(Config\Cache), false)
 6 FCPATH\index.php(67): CodeIgniter\CodeIgniter->run()
CRITICAL - 2022-12-21 07:46:45 --> Undefined offset: 1
in APPPATH\Controllers\Home.php on line 41.
 1 APPPATH\Controllers\Home.php(41): CodeIgniter\Debug\Exceptions->errorHandler(8, 'Undefined offset: 1', 'APPPATH\\Controllers\\Home.php', 41, [...])
 2 SYSTEMPATH\CodeIgniter.php(927): App\Controllers\Home->login2()
 3 SYSTEMPATH\CodeIgniter.php(482): CodeIgniter\CodeIgniter->runController(Object(App\Controllers\Home))
 4 SYSTEMPATH\CodeIgniter.php(351): CodeIgniter\CodeIgniter->handleRequest(null, Object(Config\Cache), false)
 5 FCPATH\index.php(67): CodeIgniter\CodeIgniter->run()
CRITICAL - 2022-12-21 07:50:17 --> Undefined variable: libros
in APPPATH\Views\libros\inicioSecre.php on line 18.
 1 APPPATH\Views\libros\inicioSecre.php(18): CodeIgniter\Debug\Exceptions->errorHandler(8, 'Undefined variable: libros', 'APPPATH\\Views\\libros\\inicioSecre.php', 18, [...])
 2 SYSTEMPATH\View\View.php(213): include('APPPATH\\Views\\libros\\inicioSecre.php')
 3 SYSTEMPATH\View\View.php(216): CodeIgniter\View\View->CodeIgniter\View\{closure}()
 4 SYSTEMPATH\Common.php(1134): CodeIgniter\View\View->render('/libros/inicioSecre', [], true)
 5 APPPATH\Controllers\ControladorLibros.php(29): view('/libros/inicioSecre', [...])
 6 SYSTEMPATH\CodeIgniter.php(927): App\Controllers\ControladorLibros->inicioSecre()
 7 SYSTEMPATH\CodeIgniter.php(482): CodeIgniter\CodeIgniter->runController(Object(App\Controllers\ControladorLibros))
 8 SYSTEMPATH\CodeIgniter.php(351): CodeIgniter\CodeIgniter->handleRequest(null, Object(Config\Cache), false)
 9 FCPATH\index.php(67): CodeIgniter\CodeIgniter->run()
CRITICAL - 2022-12-21 07:51:00 --> Undefined variable: libros
in APPPATH\Views\libros\inicioSecre.php on line 97.
 1 APPPATH\Views\libros\inicioSecre.php(97): CodeIgniter\Debug\Exceptions->errorHandler(8, 'Undefined variable: libros', 'APPPATH\\Views\\libros\\inicioSecre.php', 97, [...])
 2 SYSTEMPATH\View\View.php(213): include('APPPATH\\Views\\libros\\inicioSecre.php')
 3 SYSTEMPATH\View\View.php(216): CodeIgniter\View\View->CodeIgniter\View\{closure}()
 4 SYSTEMPATH\Common.php(1134): CodeIgniter\View\View->render('/libros/inicioSecre', [], true)
 5 APPPATH\Controllers\ControladorLibros.php(29): view('/libros/inicioSecre', [...])
 6 SYSTEMPATH\CodeIgniter.php(927): App\Controllers\ControladorLibros->inicioSecre()
 7 SYSTEMPATH\CodeIgniter.php(482): CodeIgniter\CodeIgniter->runController(Object(App\Controllers\ControladorLibros))
 8 SYSTEMPATH\CodeIgniter.php(351): CodeIgniter\CodeIgniter->handleRequest(null, Object(Config\Cache), false)
 9 FCPATH\index.php(67): CodeIgniter\CodeIgniter->run()
CRITICAL - 2022-12-21 08:21:55 --> file_get_contents(): SSL operation failed with code 1. OpenSSL Error messages:
error:1416F086:SSL routines:tls_process_server_certificate:certificate verify failed
in APPPATH\Controllers\ControladorSesiones.php on line 46.
 1 [internal function]: CodeIgniter\Debug\Exceptions->errorHandler(2, 'file_get_contents(): SSL operation failed with code 1. OpenSSL Error messages:
error:1416F086:SSL routines:tls_process_server_certificate:certificate verify failed', 'APPPATH\\Controllers\\ControladorSesiones.php', 46, [...])
 2 APPPATH\Controllers\ControladorSesiones.php(46): file_get_contents('https://proyectomontesdeoca.000webhostapp.com/webs/API_LOGIN/servicios/api.php')
 3 SYSTEMPATH\CodeIgniter.php(927): App\Controllers\ControladorSesiones->apiUsuarios()
 4 SYSTEMPATH\CodeIgniter.php(482): CodeIgniter\CodeIgniter->runController(Object(App\Controllers\ControladorSesiones))
 5 SYSTEMPATH\CodeIgniter.php(351): CodeIgniter\CodeIgniter->handleRequest(null, Object(Config\Cache), false)
 6 FCPATH\index.php(67): CodeIgniter\CodeIgniter->run()
